#
# A fatal error has been detected by the Java Runtime Environment:
#
#  SIGSEGV (0xb) at pc=0x0000000108b54968, pid=24292, tid=0x0000000000007303
#
# JRE version: OpenJDK Runtime Environment (8.0_242-b08) (build 1.8.0_242-b08)
# Java VM: OpenJDK 64-Bit Server VM (25.242-b08 mixed mode bsd-amd64 compressed oops)
# Problematic frame:
# V  [libjvm.dylib+0x554968]  Unsafe_GetByte+0x61
#
# Failed to write core dump. Core dumps have been disabled. To enable core dumping, try "ulimit -c unlimited" before starting Java again
#
# If you would like to submit a bug report, please include
# instructions on how to reproduce the bug and visit:
#   http://bugreport.java.com/bugreport/crash.jsp
#

---------------  T H R E A D  ---------------

Current thread (0x00007faddb9d0000):  JavaThread "SSTableBatchOpen:4" daemon [_thread_in_vm, id=29443, stack(0x000070000a920000,0x000070000aa20000)]

siginfo: si_signo: 11 (SIGSEGV), si_code: 1 (SEGV_MAPERR), si_addr: 0x0000000000000000

Registers:
RAX=0x0000000108cefdf0, RBX=0x00007faddb9d0000, RCX=0x00007fadb804037a, RDX=0x0000000000000000
RSP=0x000070000aa1ef40, RBP=0x000070000aa1ef70, RSI=0x00007faddb9d0000, RDI=0x000070000aa1ef50
R8 =0x0000000108cd94e0, R9 =0x0000000000000000, R10=0x0000000108f7c3db, R11=0x0000000108ac3d7a
R12=0x0000000000000000, R13=0x000000011a539428, R14=0x00007fadb804037a, R15=0x0000000000000000
RIP=0x0000000108b54968, EFLAGS=0x0000000000010246, ERR=0x0000000000000004
  TRAPNO=0x000000000000000e

Top of Stack: (sp=0x000070000aa1ef40)
0x000070000aa1ef40:   000000011a5ea828 00007faddb9d0000
0x000070000aa1ef50:   00007faddb9d0000 000000011a539428
0x000070000aa1ef60:   000070000aa1f020 00007faddb9d0000
0x000070000aa1ef70:   000070000aa1efe8 0000000108f7c407
0x000070000aa1ef80:   0000000000000028 00000007ad31b468
0x000070000aa1ef90:   0000000000000028 0000000000000028
0x000070000aa1efa0:   00007fadda6e38c8 000070000aa1efa8
0x000070000aa1efb0:   0000000000000000 000070000aa1f020
0x000070000aa1efc0:   000000011a569608 0000000000000000
0x000070000aa1efd0:   000000011a539428 0000000000000000
0x000070000aa1efe0:   000070000aa1f008 000070000aa1f078
0x000070000aa1eff0:   0000000108f6b700 0000000000000000
0x000070000aa1f000:   0000000108f75a4e 00007fadb804037a
0x000070000aa1f010:   0000000000000000 0000000000000000
0x000070000aa1f020:   000000078009c6e0 0000000000000000
0x000070000aa1f030:   00000007ad31b598 000070000aa1f038
0x000070000aa1f040:   000000011d833823 000070000aa1f0b8
0x000070000aa1f050:   000000011d8340c0 0000000000000000
0x000070000aa1f060:   000000011d833898 000070000aa1f008
0x000070000aa1f070:   000070000aa1f090 000070000aa1f100
0x000070000aa1f080:   0000000108f6bffd 0000000000000000
0x000070000aa1f090:   0000000000000004 0000000000000000
0x000070000aa1f0a0:   00000007ad31b598 00007fadb804037a
0x000070000aa1f0b0:   0000000108f6b7d0 0000000000000000
0x000070000aa1f0c0:   000070000aa1f0c0 000000011d833487
0x000070000aa1f0d0:   000070000aa1f138 000000011d8340c0
0x000070000aa1f0e0:   0000000000000000 000000011d8334e0
0x000070000aa1f0f0:   000070000aa1f090 000070000aa1f110
0x000070000aa1f100:   000070000aa1f180 0000000108f6c042
0x000070000aa1f110:   0000000000000004 0000000000000000
0x000070000aa1f120:   00000007ad31b598 000000000000037a
0x000070000aa1f130:   00000007ad30fe80 000000078066c370 

Instructions: (pc=0x0000000108b54968)
0x0000000108b54948:   48 8d 7d e0 48 89 de e8 18 70 c0 ff 48 89 5d d8
0x0000000108b54958:   41 f6 c7 01 74 0a 4c 89 ff e8 7a 3e dc ff eb 03
0x0000000108b54968:   49 8b 07 42 0f be 1c 30 48 8d 7d d8 e8 03 31 ee
0x0000000108b54978:   ff 48 8d 7d e0 e8 7e 70 c0 ff 89 d8 48 83 c4 18 

Register to memory mapping:

RAX=0x0000000108cefdf0: _ZN20SafepointSynchronize6_stateE+0 in /Users/abhatia/.jabba/jdk/amazon-corretto@1.8.242-08.1/Contents/Home/jre/lib/server/libjvm.dylib at 0x0000000108600000
RBX=0x00007faddb9d0000 is a thread
RCX=0x00007fadb804037a is an unknown value
RDX=0x0000000000000000 is an unknown value
RSP=0x000070000aa1ef40 is pointing into the stack for thread: 0x00007faddb9d0000
RBP=0x000070000aa1ef70 is pointing into the stack for thread: 0x00007faddb9d0000
RSI=0x00007faddb9d0000 is a thread
RDI=0x000070000aa1ef50 is pointing into the stack for thread: 0x00007faddb9d0000
R8 =0x0000000108cd94e0: _ZN8Universe13_narrow_klassE+0 in /Users/abhatia/.jabba/jdk/amazon-corretto@1.8.242-08.1/Contents/Home/jre/lib/server/libjvm.dylib at 0x0000000108600000
R9 =0x0000000000000000 is an unknown value
R10=0x0000000108f7c3db is at code_begin+859 in an Interpreter codelet
method entry point (kind = native)  [0x0000000108f7c080, 0x0000000108f7ca00]  2432 bytes
R11=0x0000000108ac3d7a: throw_unsatisfied_link_error+0 in /Users/abhatia/.jabba/jdk/amazon-corretto@1.8.242-08.1/Contents/Home/jre/lib/server/libjvm.dylib at 0x0000000108600000
R12=0x0000000000000000 is an unknown value
R13={method} {0x000000011a539428} 'getByte' '(Ljava/lang/Object;J)B' in 'sun/misc/Unsafe'
R14=0x00007fadb804037a is an unknown value
R15=0x0000000000000000 is an unknown value


Stack: [0x000070000a920000,0x000070000aa20000],  sp=0x000070000aa1ef40,  free space=1019k
Native frames: (J=compiled Java code, j=interpreted, Vv=VM code, C=native code)
V  [libjvm.dylib+0x554968]  Unsafe_GetByte+0x61
j  sun.misc.Unsafe.getByte(Ljava/lang/Object;J)B+0
j  org.apache.cassandra.utils.FastByteOperations$UnsafeOperations.copy(Ljava/lang/Object;J[BII)V+35
j  org.apache.cassandra.utils.FastByteOperations$UnsafeOperations.copy(Ljava/nio/ByteBuffer;I[BII)V+47
j  org.apache.cassandra.utils.FastByteOperations.copy(Ljava/nio/ByteBuffer;I[BII)V+9
j  org.apache.cassandra.io.util.RebufferingInputStream.read([BII)I+137
j  org.apache.cassandra.io.util.RebufferingInputStream.readFully([BII)V+4
j  org.apache.cassandra.io.util.RebufferingInputStream.readFully([B)V+5
j  org.apache.cassandra.utils.ByteBufferUtil.read(Ljava/io/DataInput;I)Ljava/nio/ByteBuffer;+14
j  org.apache.cassandra.utils.ByteBufferUtil.readWithVIntLength(Lorg/apache/cassandra/io/util/DataInputPlus;)Ljava/nio/ByteBuffer;+24
j  org.apache.cassandra.db.SerializationHeader$Serializer.readColumnsWithType(Lorg/apache/cassandra/io/util/DataInputPlus;Ljava/util/Map;)V+18
j  org.apache.cassandra.db.SerializationHeader$Serializer.deserialize(Lorg/apache/cassandra/io/sstable/format/Version;Lorg/apache/cassandra/io/util/DataInputPlus;)Lorg/apache/cassandra/db/SerializationHeader$Component;+93
j  org.apache.cassandra.db.SerializationHeader$Serializer.deserialize(Lorg/apache/cassandra/io/sstable/format/Version;Lorg/apache/cassandra/io/util/DataInputPlus;)Lorg/apache/cassandra/io/sstable/metadata/MetadataComponent;+3
j  org.apache.cassandra.io.sstable.metadata.MetadataSerializer.deserialize(Lorg/apache/cassandra/io/sstable/Descriptor;Lorg/apache/cassandra/io/util/FileDataInput;Ljava/util/EnumSet;)Ljava/util/Map;+146
j  org.apache.cassandra.io.sstable.metadata.MetadataSerializer.deserialize(Lorg/apache/cassandra/io/sstable/Descriptor;Ljava/util/EnumSet;)Ljava/util/Map;+87
j  org.apache.cassandra.io.sstable.format.SSTableReader.open(Lorg/apache/cassandra/io/sstable/Descriptor;Ljava/util/Set;Lorg/apache/cassandra/config/CFMetaData;ZZ)Lorg/apache/cassandra/io/sstable/format/SSTableReader;+170
j  org.apache.cassandra.io.sstable.format.SSTableReader.open(Lorg/apache/cassandra/io/sstable/Descriptor;Ljava/util/Set;Lorg/apache/cassandra/config/CFMetaData;)Lorg/apache/cassandra/io/sstable/format/SSTableReader;+5
j  org.apache.cassandra.io.sstable.format.SSTableReader$3.run()V+28
j  java.util.concurrent.Executors$RunnableAdapter.call()Ljava/lang/Object;+4
j  java.util.concurrent.FutureTask.run()V+42
j  java.util.concurrent.ThreadPoolExecutor.runWorker(Ljava/util/concurrent/ThreadPoolExecutor$Worker;)V+95
j  java.util.concurrent.ThreadPoolExecutor$Worker.run()V+5
j  org.apache.cassandra.concurrent.NamedThreadFactory.lambda$threadLocalDeallocator$0(Ljava/lang/Runnable;)V+1
j  org.apache.cassandra.concurrent.NamedThreadFactory$$Lambda$4.run()V+4
j  java.lang.Thread.run()V+11
v  ~StubRoutines::call_stub
V  [libjvm.dylib+0x2d7211]  JavaCalls::call_helper(JavaValue*, methodHandle*, JavaCallArguments*, Thread*)+0x5f1
V  [libjvm.dylib+0x2d6274]  JavaCalls::call_virtual(JavaValue*, KlassHandle, Symbol*, Symbol*, JavaCallArguments*, Thread*)+0x174
V  [libjvm.dylib+0x2d63dc]  JavaCalls::call_virtual(JavaValue*, Handle, KlassHandle, Symbol*, Symbol*, Thread*)+0x5c
V  [libjvm.dylib+0x3239f4]  thread_entry(JavaThread*, Thread*)+0x77
V  [libjvm.dylib+0x53d29c]  JavaThread::thread_main_inner()+0x86
V  [libjvm.dylib+0x464d34]  java_start(Thread*)+0xf0
C  [libsystem_pthread.dylib+0x5e65]  _pthread_start+0x94
C  [libsystem_pthread.dylib+0x183b]  thread_start+0xf
C  0x0000000000000000

Java frames: (J=compiled Java code, j=interpreted, Vv=VM code)
j  sun.misc.Unsafe.getByte(Ljava/lang/Object;J)B+0
j  org.apache.cassandra.utils.FastByteOperations$UnsafeOperations.copy(Ljava/lang/Object;J[BII)V+35
j  org.apache.cassandra.utils.FastByteOperations$UnsafeOperations.copy(Ljava/nio/ByteBuffer;I[BII)V+47
j  org.apache.cassandra.utils.FastByteOperations.copy(Ljava/nio/ByteBuffer;I[BII)V+9
j  org.apache.cassandra.io.util.RebufferingInputStream.read([BII)I+137
j  org.apache.cassandra.io.util.RebufferingInputStream.readFully([BII)V+4
j  org.apache.cassandra.io.util.RebufferingInputStream.readFully([B)V+5
j  org.apache.cassandra.utils.ByteBufferUtil.read(Ljava/io/DataInput;I)Ljava/nio/ByteBuffer;+14
j  org.apache.cassandra.utils.ByteBufferUtil.readWithVIntLength(Lorg/apache/cassandra/io/util/DataInputPlus;)Ljava/nio/ByteBuffer;+24
j  org.apache.cassandra.db.SerializationHeader$Serializer.readColumnsWithType(Lorg/apache/cassandra/io/util/DataInputPlus;Ljava/util/Map;)V+18
j  org.apache.cassandra.db.SerializationHeader$Serializer.deserialize(Lorg/apache/cassandra/io/sstable/format/Version;Lorg/apache/cassandra/io/util/DataInputPlus;)Lorg/apache/cassandra/db/SerializationHeader$Component;+93
j  org.apache.cassandra.db.SerializationHeader$Serializer.deserialize(Lorg/apache/cassandra/io/sstable/format/Version;Lorg/apache/cassandra/io/util/DataInputPlus;)Lorg/apache/cassandra/io/sstable/metadata/MetadataComponent;+3
j  org.apache.cassandra.io.sstable.metadata.MetadataSerializer.deserialize(Lorg/apache/cassandra/io/sstable/Descriptor;Lorg/apache/cassandra/io/util/FileDataInput;Ljava/util/EnumSet;)Ljava/util/Map;+146
j  org.apache.cassandra.io.sstable.metadata.MetadataSerializer.deserialize(Lorg/apache/cassandra/io/sstable/Descriptor;Ljava/util/EnumSet;)Ljava/util/Map;+87
j  org.apache.cassandra.io.sstable.format.SSTableReader.open(Lorg/apache/cassandra/io/sstable/Descriptor;Ljava/util/Set;Lorg/apache/cassandra/config/CFMetaData;ZZ)Lorg/apache/cassandra/io/sstable/format/SSTableReader;+170
j  org.apache.cassandra.io.sstable.format.SSTableReader.open(Lorg/apache/cassandra/io/sstable/Descriptor;Ljava/util/Set;Lorg/apache/cassandra/config/CFMetaData;)Lorg/apache/cassandra/io/sstable/format/SSTableReader;+5
j  org.apache.cassandra.io.sstable.format.SSTableReader$3.run()V+28
j  java.util.concurrent.Executors$RunnableAdapter.call()Ljava/lang/Object;+4
j  java.util.concurrent.FutureTask.run()V+42
j  java.util.concurrent.ThreadPoolExecutor.runWorker(Ljava/util/concurrent/ThreadPoolExecutor$Worker;)V+95
j  java.util.concurrent.ThreadPoolExecutor$Worker.run()V+5
j  org.apache.cassandra.concurrent.NamedThreadFactory.lambda$threadLocalDeallocator$0(Ljava/lang/Runnable;)V+1
j  org.apache.cassandra.concurrent.NamedThreadFactory$$Lambda$4.run()V+4
j  java.lang.Thread.run()V+11
v  ~StubRoutines::call_stub

---------------  P R O C E S S  ---------------

Java Threads: ( => current thread )
  0x00007fadddb86000 JavaThread "LocalPool-Cleaner:1" daemon [_thread_blocked, id=33027, stack(0x000070000ad2c000,0x000070000ae2c000)]
  0x00007faddd287800 JavaThread "Reference-Reaper:1" daemon [_thread_blocked, id=33539, stack(0x000070000ac29000,0x000070000ad29000)]
  0x00007faddd287000 JavaThread "SSTableBatchOpen:6" daemon [_thread_blocked, id=29699, stack(0x000070000ab26000,0x000070000ac26000)]
  0x00007fad9a858000 JavaThread "SSTableBatchOpen:5" daemon [_thread_blocked, id=34307, stack(0x000070000aa23000,0x000070000ab23000)]
=>0x00007faddb9d0000 JavaThread "SSTableBatchOpen:4" daemon [_thread_in_vm, id=29443, stack(0x000070000a920000,0x000070000aa20000)]
  0x00007faddc364000 JavaThread "SSTableBatchOpen:3" daemon [_thread_blocked, id=29187, stack(0x000070000a81d000,0x000070000a91d000)]
  0x00007fad9b056000 JavaThread "SSTableBatchOpen:2" daemon [_thread_in_Java, id=28675, stack(0x000070000a71a000,0x000070000a81a000)]
  0x00007faddb9eb000 JavaThread "SSTableBatchOpen:1" daemon [_thread_blocked, id=28419, stack(0x000070000a617000,0x000070000a717000)]
  0x00007faddb9d2000 JavaThread "OptionalTasks:1" daemon [_thread_blocked, id=35331, stack(0x000070000a514000,0x000070000a614000)]
  0x00007faddb9d1800 JavaThread "PERIODIC-COMMIT-LOG-SYNCER" [_thread_blocked, id=35843, stack(0x000070000a411000,0x000070000a511000)]
  0x00007faddb969800 JavaThread "COMMIT-LOG-ALLOCATOR" [_thread_blocked, id=27907, stack(0x000070000a30e000,0x000070000a40e000)]
  0x00007faddb137000 JavaThread "SlabPoolCleaner" daemon [_thread_blocked, id=36355, stack(0x000070000a20b000,0x000070000a30b000)]
  0x00007faddd173800 JavaThread "Sampler:1" daemon [_thread_blocked, id=36611, stack(0x000070000a108000,0x000070000a208000)]
  0x00007faddd178800 JavaThread "SecondaryIndexManagement:1" daemon [_thread_blocked, id=26883, stack(0x000070000a005000,0x000070000a105000)]
  0x00007faddc175000 JavaThread "MemtableReclaimMemory:1" daemon [_thread_blocked, id=26371, stack(0x0000700009f02000,0x000070000a002000)]
  0x00007faddd173000 JavaThread "MemtablePostFlush:1" daemon [_thread_blocked, id=36867, stack(0x0000700009dff000,0x0000700009eff000)]
  0x00007faddb133000 JavaThread "PerDiskMemtableFlushWriter_0:2" daemon [_thread_blocked, id=37123, stack(0x0000700009cfc000,0x0000700009dfc000)]
  0x00007fadda8e2800 JavaThread "PerDiskMemtableFlushWriter_0:1" daemon [_thread_blocked, id=25603, stack(0x0000700009bf9000,0x0000700009cf9000)]
  0x00007faddf119800 JavaThread "MemtableFlushWriter:2" daemon [_thread_blocked, id=25347, stack(0x0000700009af6000,0x0000700009bf6000)]
  0x00007faddb130800 JavaThread "MemtableFlushWriter:1" daemon [_thread_blocked, id=25091, stack(0x00007000099f3000,0x0000700009af3000)]
  0x00007faddd97b000 JavaThread "EXPIRING-MAP-REAPER:1" daemon [_thread_blocked, id=38403, stack(0x00007000098f0000,0x00007000099f0000)]
  0x00007faddb94a800 JavaThread "RMI TCP Accept-0" daemon [_thread_in_native, id=38915, stack(0x00007000097ed000,0x00007000098ed000)]
  0x00007faddb931800 JavaThread "RMI TCP Accept-4099" daemon [_thread_in_native, id=24835, stack(0x00007000096ea000,0x00007000097ea000)]
  0x00007faddd119000 JavaThread "ScheduledTasks:1" daemon [_thread_blocked, id=24579, stack(0x00007000095e7000,0x00007000096e7000)]
  0x00007fadda85c800 JavaThread "Service Thread" daemon [_thread_blocked, id=40195, stack(0x00007000093e1000,0x00007000094e1000)]
  0x00007faddb830800 JavaThread "C1 CompilerThread11" daemon [_thread_blocked, id=40451, stack(0x00007000092de000,0x00007000093de000)]
  0x00007fadda853800 JavaThread "C1 CompilerThread10" daemon [_thread_blocked, id=40963, stack(0x00007000091db000,0x00007000092db000)]
  0x00007fadda853000 JavaThread "C1 CompilerThread9" daemon [_thread_blocked, id=23555, stack(0x00007000090d8000,0x00007000091d8000)]
  0x00007fadda852000 JavaThread "C1 CompilerThread8" daemon [_thread_blocked, id=41475, stack(0x0000700008fd5000,0x00007000090d5000)]
  0x00007faddf025800 JavaThread "C2 CompilerThread7" daemon [_thread_blocked, id=23043, stack(0x0000700008ed2000,0x0000700008fd2000)]
  0x00007faddb820000 JavaThread "C2 CompilerThread6" daemon [_thread_blocked, id=22787, stack(0x0000700008dcf000,0x0000700008ecf000)]
  0x00007fadaa809000 JavaThread "C2 CompilerThread5" daemon [_thread_blocked, id=42243, stack(0x0000700008ccc000,0x0000700008dcc000)]
  0x00007fadde05b800 JavaThread "C2 CompilerThread4" daemon [_thread_blocked, id=42755, stack(0x0000700008bc9000,0x0000700008cc9000)]
  0x00007faddb80f000 JavaThread "C2 CompilerThread3" daemon [_thread_blocked, id=22275, stack(0x0000700008ac6000,0x0000700008bc6000)]
  0x00007fadaa800000 JavaThread "C2 CompilerThread2" daemon [_thread_in_native, id=22019, stack(0x00007000089c3000,0x0000700008ac3000)]
  0x00007faddb80e800 JavaThread "C2 CompilerThread1" daemon [_thread_blocked, id=21763, stack(0x00007000088c0000,0x00007000089c0000)]
  0x00007fadda808000 JavaThread "C2 CompilerThread0" daemon [_thread_blocked, id=16899, stack(0x00007000087bd000,0x00007000088bd000)]
  0x00007fadde05b000 JavaThread "Signal Dispatcher" daemon [_thread_blocked, id=17411, stack(0x00007000086ba000,0x00007000087ba000)]
  0x00007faddb803800 JavaThread "Finalizer" daemon [_thread_blocked, id=14595, stack(0x00007000084b1000,0x00007000085b1000)]
  0x00007faddb800800 JavaThread "Reference Handler" daemon [_thread_blocked, id=14083, stack(0x00007000083ae000,0x00007000084ae000)]
  0x00007faddd800800 JavaThread "main" [_thread_blocked, id=4099, stack(0x0000700007481000,0x0000700007581000)]

Other Threads:
  0x00007fadde047000 VMThread [stack: 0x00007000082ab000,0x00007000083ab000] [id=13571]
  0x00007faddb831800 WatcherThread [stack: 0x00007000094e4000,0x00007000095e4000] [id=39683]

VM state:not at safepoint (normal execution)

VM Mutex/Monitor currently owned by a thread: None

heap address: 0x0000000780000000, size: 1024 MB, Compressed Oops mode: Zero based, Oop shift amount: 3
Narrow klass base: 0x0000000000000000, Narrow klass shift: 3
Compressed class space size: 1073741824 Address: 0x00000007c0000000

Heap:
 PSYoungGen      total 258560K, used 56828K [0x00000007aab00000, 0x00000007bb700000, 0x00000007c0000000)
  eden space 244736K, 18% used [0x00000007aab00000,0x00000007ad7cf288,0x00000007b9a00000)
  from space 13824K, 79% used [0x00000007ba980000,0x00000007bb430010,0x00000007bb700000)
  to   space 14848K, 0% used [0x00000007b9a00000,0x00000007b9a00000,0x00000007ba880000)
 ParOldGen       total 175104K, used 10216K [0x0000000780000000, 0x000000078ab00000, 0x00000007aab00000)
  object space 175104K, 5% used [0x0000000780000000,0x00000007809fa1e0,0x000000078ab00000)
 Metaspace       used 25411K, capacity 25850K, committed 26288K, reserved 1073152K
  class space    used 3008K, capacity 3143K, committed 3248K, reserved 1048576K

Card table byte_map: [0x0000000117f64000,0x0000000118165000] byte_map_base: 0x0000000114364000

Marking Bits: (ParMarkBitMap*) 0x0000000108cef8e8
 Begin Bits: [0x00000001182bb000, 0x00000001192bb000)
 End Bits:   [0x00000001192bb000, 0x000000011a2bb000)

Polling page: 0x0000000105ed8000

CodeCache: size=245760Kb used=8743Kb max_used=8758Kb free=237016Kb
 bounds [0x0000000108f64000, 0x0000000109804000, 0x0000000117f64000]
 total_blobs=2675 nmethods=2225 adapters=361
 compilation: enabled

Compilation events (10 events):
Event: 2.089 Thread 0x00007fadda853800 nmethod 2211 0x00000001097e8d90 code [0x00000001097e8ee0, 0x00000001097e8fd0]
Event: 2.090 Thread 0x00007fadaa809000 2214       4       java.lang.reflect.Proxy::isProxyClass (25 bytes)
Event: 2.090 Thread 0x00007fadda853800 2215       3       java.util.HashMap::entrySet (27 bytes)
Event: 2.090 Thread 0x00007fadda852000 nmethod 2213 0x00000001097e8710 code [0x00000001097e88a0, 0x00000001097e8c98]
Event: 2.090 Thread 0x00007fadda853800 nmethod 2215 0x00000001097e8010 code [0x00000001097e81a0, 0x00000001097e8550]
Event: 2.090 Thread 0x00007faddb830800 nmethod 2212 0x00000001097e75d0 code [0x00000001097e77a0, 0x00000001097e7e28]
Event: 2.090 Thread 0x00007faddf025800 2216   !   4       java.util.concurrent.ConcurrentHashMap::putVal (362 bytes)
Event: 2.090 Thread 0x00007fadaa809000 nmethod 2214 0x00000001097e72d0 code [0x00000001097e7420, 0x00000001097e74e8]
Event: 2.092 Thread 0x00007fadda853000 2217       3       org.apache.cassandra.db.marshal.TypeParser::isEOS (14 bytes)
Event: 2.092 Thread 0x00007fadda852000 2218       3       org.apache.cassandra.db.marshal.TypeParser::isIdentifierChar (72 bytes)

GC Heap History (10 events):
Event: 1.368 GC heap before
{Heap before GC invocations=3 (full 1):
 PSYoungGen      total 76288K, used 6382K [0x00000007aab00000, 0x00000007b4000000, 0x00000007c0000000)
  eden space 65536K, 0% used [0x00000007aab00000,0x00000007aab00000,0x00000007aeb00000)
  from space 10752K, 59% used [0x00000007af580000,0x00000007afbbb8c8,0x00000007b0000000)
  to   space 10752K, 0% used [0x00000007aeb00000,0x00000007aeb00000,0x00000007af580000)
 ParOldGen       total 175104K, used 3677K [0x0000000780000000, 0x000000078ab00000, 0x00000007aab00000)
  object space 175104K, 2% used [0x0000000780000000,0x00000007803976f0,0x000000078ab00000)
 Metaspace       used 20904K, capacity 21114K, committed 21296K, reserved 1069056K
  class space    used 2489K, capacity 2599K, committed 2608K, reserved 1048576K
Event: 1.383 GC heap after
Heap after GC invocations=3 (full 1):
 PSYoungGen      total 76288K, used 0K [0x00000007aab00000, 0x00000007b4000000, 0x00000007c0000000)
  eden space 65536K, 0% used [0x00000007aab00000,0x00000007aab00000,0x00000007aeb00000)
  from space 10752K, 0% used [0x00000007af580000,0x00000007af580000,0x00000007b0000000)
  to   space 10752K, 0% used [0x00000007aeb00000,0x00000007aeb00000,0x00000007af580000)
 ParOldGen       total 175104K, used 6576K [0x0000000780000000, 0x000000078ab00000, 0x00000007aab00000)
  object space 175104K, 3% used [0x0000000780000000,0x000000078066c358,0x000000078ab00000)
 Metaspace       used 20904K, capacity 21114K, committed 21296K, reserved 1069056K
  class space    used 2489K, capacity 2599K, committed 2608K, reserved 1048576K
}
Event: 1.714 GC heap before
{Heap before GC invocations=4 (full 1):
 PSYoungGen      total 76288K, used 65536K [0x00000007aab00000, 0x00000007b4000000, 0x00000007c0000000)
  eden space 65536K, 100% used [0x00000007aab00000,0x00000007aeb00000,0x00000007aeb00000)
  from space 10752K, 0% used [0x00000007af580000,0x00000007af580000,0x00000007b0000000)
  to   space 10752K, 0% used [0x00000007aeb00000,0x00000007aeb00000,0x00000007af580000)
 ParOldGen       total 175104K, used 6576K [0x0000000780000000, 0x000000078ab00000, 0x00000007aab00000)
  object space 175104K, 3% used [0x0000000780000000,0x000000078066c358,0x000000078ab00000)
 Metaspace       used 23906K, capacity 24312K, committed 24496K, reserved 1071104K
  class space    used 2825K, capacity 2992K, committed 2992K, reserved 1048576K
Event: 1.718 GC heap after
Heap after GC invocations=4 (full 1):
 PSYoungGen      total 76288K, used 10742K [0x00000007aab00000, 0x00000007b3c00000, 0x00000007c0000000)
  eden space 65536K, 0% used [0x00000007aab00000,0x00000007aab00000,0x00000007aeb00000)
  from space 10752K, 99% used [0x00000007aeb00000,0x00000007af57d958,0x00000007af580000)
  to   space 10752K, 0% used [0x00000007b3180000,0x00000007b3180000,0x00000007b3c00000)
 ParOldGen       total 175104K, used 7520K [0x0000000780000000, 0x000000078ab00000, 0x00000007aab00000)
  object space 175104K, 4% used [0x0000000780000000,0x00000007807581e0,0x000000078ab00000)
 Metaspace       used 23906K, capacity 24312K, committed 24496K, reserved 1071104K
  class space    used 2825K, capacity 2992K, committed 2992K, reserved 1048576K
}
Event: 1.791 GC heap before
{Heap before GC invocations=5 (full 1):
 PSYoungGen      total 76288K, used 76278K [0x00000007aab00000, 0x00000007b3c00000, 0x00000007c0000000)
  eden space 65536K, 100% used [0x00000007aab00000,0x00000007aeb00000,0x00000007aeb00000)
  from space 10752K, 99% used [0x00000007aeb00000,0x00000007af57d958,0x00000007af580000)
  to   space 10752K, 0% used [0x00000007b3180000,0x00000007b3180000,0x00000007b3c00000)
 ParOldGen       total 175104K, used 7520K [0x0000000780000000, 0x000000078ab00000, 0x00000007aab00000)
  object space 175104K, 4% used [0x0000000780000000,0x00000007807581e0,0x000000078ab00000)
 Metaspace       used 23906K, capacity 24312K, committed 24496K, reserved 1071104K
  class space    used 2825K, capacity 2992K, committed 2992K, reserved 1048576K
Event: 1.800 GC heap after
Heap after GC invocations=5 (full 1):
 PSYoungGen      total 137728K, used 10720K [0x00000007aab00000, 0x00000007b3c00000, 0x00000007c0000000)
  eden space 126976K, 0% used [0x00000007aab00000,0x00000007aab00000,0x00000007b2700000)
  from space 10752K, 99% used [0x00000007b3180000,0x00000007b3bf8010,0x00000007b3c00000)
  to   space 10752K, 0% used [0x00000007b2700000,0x00000007b2700000,0x00000007b3180000)
 ParOldGen       total 175104K, used 8096K [0x0000000780000000, 0x000000078ab00000, 0x00000007aab00000)
  object space 175104K, 4% used [0x0000000780000000,0x00000007807e81e0,0x000000078ab00000)
 Metaspace       used 23906K, capacity 24312K, committed 24496K, reserved 1071104K
  class space    used 2825K, capacity 2992K, committed 2992K, reserved 1048576K
}
Event: 1.896 GC heap before
{Heap before GC invocations=6 (full 1):
 PSYoungGen      total 137728K, used 137696K [0x00000007aab00000, 0x00000007b3c00000, 0x00000007c0000000)
  eden space 126976K, 100% used [0x00000007aab00000,0x00000007b2700000,0x00000007b2700000)
  from space 10752K, 99% used [0x00000007b3180000,0x00000007b3bf8010,0x00000007b3c00000)
  to   space 10752K, 0% used [0x00000007b2700000,0x00000007b2700000,0x00000007b3180000)
 ParOldGen       total 175104K, used 8096K [0x0000000780000000, 0x000000078ab00000, 0x00000007aab00000)
  object space 175104K, 4% used [0x0000000780000000,0x00000007807e81e0,0x000000078ab00000)
 Metaspace       used 23906K, capacity 24312K, committed 24496K, reserved 1071104K
  class space    used 2825K, capacity 2992K, committed 2992K, reserved 1048576K
Event: 1.907 GC heap after
Heap after GC invocations=6 (full 1):
 PSYoungGen      total 137728K, used 10720K [0x00000007aab00000, 0x00000007bb900000, 0x00000007c0000000)
  eden space 126976K, 0% used [0x00000007aab00000,0x00000007aab00000,0x00000007b2700000)
  from space 10752K, 99% used [0x00000007b2700000,0x00000007b3178010,0x00000007b3180000)
  to   space 15872K, 0% used [0x00000007ba980000,0x00000007ba980000,0x00000007bb900000)
 ParOldGen       total 175104K, used 10216K [0x0000000780000000, 0x000000078ab00000, 0x00000007aab00000)
  object space 175104K, 5% used [0x0000000780000000,0x00000007809fa1e0,0x000000078ab00000)
 Metaspace       used 23906K, capacity 24312K, committed 24496K, reserved 1071104K
  class space    used 2825K, capacity 2992K, committed 2992K, reserved 1048576K
}
Event: 1.975 GC heap before
{Heap before GC invocations=7 (full 1):
 PSYoungGen      total 137728K, used 137696K [0x00000007aab00000, 0x00000007bb900000, 0x00000007c0000000)
  eden space 126976K, 100% used [0x00000007aab00000,0x00000007b2700000,0x00000007b2700000)
  from space 10752K, 99% used [0x00000007b2700000,0x00000007b3178010,0x00000007b3180000)
  to   space 15872K, 0% used [0x00000007ba980000,0x00000007ba980000,0x00000007bb900000)
 ParOldGen       total 175104K, used 10216K [0x0000000780000000, 0x000000078ab00000, 0x00000007aab00000)
  object space 175104K, 5% used [0x0000000780000000,0x00000007809fa1e0,0x000000078ab00000)
 Metaspace       used 23908K, capacity 24312K, committed 24496K, reserved 1071104K
  class space    used 2825K, capacity 2992K, committed 2992K, reserved 1048576K
Event: 1.986 GC heap after
Heap after GC invocations=7 (full 1):
 PSYoungGen      total 258560K, used 10944K [0x00000007aab00000, 0x00000007bb700000, 0x00000007c0000000)
  eden space 244736K, 0% used [0x00000007aab00000,0x00000007aab00000,0x00000007b9a00000)
  from space 13824K, 79% used [0x00000007ba980000,0x00000007bb430010,0x00000007bb700000)
  to   space 14848K, 0% used [0x00000007b9a00000,0x00000007b9a00000,0x00000007ba880000)
 ParOldGen       total 175104K, used 10216K [0x0000000780000000, 0x000000078ab00000, 0x00000007aab00000)
  object space 175104K, 5% used [0x0000000780000000,0x00000007809fa1e0,0x000000078ab00000)
 Metaspace       used 23908K, capacity 24312K, committed 24496K, reserved 1071104K
  class space    used 2825K, capacity 2992K, committed 2992K, reserved 1048576K
}

Deoptimization events (10 events):
Event: 2.089 Thread 0x00007faddc364000 Uncommon trap: reason=class_check action=maybe_recompile pc=0x000000010955b378 method=java.util.concurrent.ConcurrentHashMap.putVal(Ljava/lang/Object;Ljava/lang/Object;Z)Ljava/lang/Object; @ 192
Event: 2.089 Thread 0x00007fad9b056000 Uncommon trap: reason=class_check action=maybe_recompile pc=0x000000010955b378 method=java.util.concurrent.ConcurrentHashMap.putVal(Ljava/lang/Object;Ljava/lang/Object;Z)Ljava/lang/Object; @ 192
Event: 2.089 Thread 0x00007faddb9d0000 Uncommon trap: reason=class_check action=maybe_recompile pc=0x000000010955b378 method=java.util.concurrent.ConcurrentHashMap.putVal(Ljava/lang/Object;Ljava/lang/Object;Z)Ljava/lang/Object; @ 192
Event: 2.089 Thread 0x00007fad9a858000 Uncommon trap: reason=class_check action=maybe_recompile pc=0x000000010955b378 method=java.util.concurrent.ConcurrentHashMap.putVal(Ljava/lang/Object;Ljava/lang/Object;Z)Ljava/lang/Object; @ 192
Event: 2.092 Thread 0x00007fad9a858000 Uncommon trap: reason=unstable_if action=reinterpret pc=0x0000000109759ca8 method=java.lang.reflect.Field.get(Ljava/lang/Object;)Ljava/lang/Object; @ 4
Event: 2.092 Thread 0x00007fad9b056000 Uncommon trap: reason=unstable_if action=reinterpret pc=0x0000000109759ca8 method=java.lang.reflect.Field.get(Ljava/lang/Object;)Ljava/lang/Object; @ 4
Event: 2.092 Thread 0x00007faddb9eb000 Uncommon trap: reason=unstable_if action=reinterpret pc=0x0000000109759ca8 method=java.lang.reflect.Field.get(Ljava/lang/Object;)Ljava/lang/Object; @ 4
Event: 2.092 Thread 0x00007faddb9d0000 Uncommon trap: reason=unstable_if action=reinterpret pc=0x0000000109759ca8 method=java.lang.reflect.Field.get(Ljava/lang/Object;)Ljava/lang/Object; @ 4
Event: 2.092 Thread 0x00007faddc364000 Uncommon trap: reason=unstable_if action=reinterpret pc=0x0000000109759ca8 method=java.lang.reflect.Field.get(Ljava/lang/Object;)Ljava/lang/Object; @ 4
Event: 2.092 Thread 0x00007faddd287000 Uncommon trap: reason=unstable_if action=reinterpret pc=0x0000000109759ca8 method=java.lang.reflect.Field.get(Ljava/lang/Object;)Ljava/lang/Object; @ 4

Classes redefined (0 events):
No events

Internal exceptions (10 events):
Event: 0.488 Thread 0x00007faddd800800 Exception <a 'java/lang/ClassNotFoundException': org/apache/cassandra/config/ConfigCustomizer> (0x00000007ac45c388) thrown at [/corretto/workspace/corretto8-repo/installers/mac/tar/corretto-build/buildRoot/src/hotspot/src/share/vm/classfile/systemDictiona
Event: 0.489 Thread 0x00007faddd800800 Exception <a 'java/lang/ArrayIndexOutOfBoundsException'> (0x00000007ac47cd30) thrown at [/corretto/workspace/corretto8-repo/installers/mac/tar/corretto-build/buildRoot/src/hotspot/src/share/vm/runtime/sharedRuntime.cpp, line 609]
Event: 0.512 Thread 0x00007faddd800800 Exception <a 'sun/nio/fs/UnixException'> (0x00000007ac5a7cd8) thrown at [/corretto/workspace/corretto8-repo/installers/mac/tar/corretto-build/buildRoot/src/hotspot/src/share/vm/prims/jni.cpp, line 710]
Event: 0.890 Thread 0x00007faddd800800 Exception <a 'java/lang/ClassNotFoundException': javax/management/remote/rmi/RMIServerImpl_Skel> (0x00000007ad6fcd38) thrown at [/corretto/workspace/corretto8-repo/installers/mac/tar/corretto-build/buildRoot/src/hotspot/src/share/vm/classfile/systemDictio
Event: 1.108 Thread 0x00007faddd800800 Exception <a 'com/sun/jna/LastErrorException': [78] Function not implemented> (0x00000007adefb390) thrown at [/corretto/workspace/corretto8-repo/installers/mac/tar/corretto-build/buildRoot/src/hotspot/src/share/vm/prims/jni.cpp, line 737]
Event: 1.128 Thread 0x00007faddd800800 Exception <a 'java/lang/UnsatisfiedLinkError': org.hyperic.sigar.Sigar.open()V> (0x00000007adf7ea80) thrown at [/corretto/workspace/corretto8-repo/installers/mac/tar/corretto-build/buildRoot/src/hotspot/src/share/vm/prims/nativeLookup.cpp, line 378]
Event: 1.129 Thread 0x00007faddd800800 Exception <a 'java/lang/UnsatisfiedLinkError': org.hyperic.sigar.Sigar.getFileSystemListNative()[Lorg/hyperic/sigar/FileSystem;> (0x00000007adf82560) thrown at [/corretto/workspace/corretto8-repo/installers/mac/tar/corretto-build/buildRoot/src/hotspot/src
Event: 1.412 Thread 0x00007faddd800800 Exception <a 'java/lang/NoSuchMethodError': java.lang.Object.lambda$static$0(Ljava/lang/Object;Ljava/lang/Object;)Ljava/lang/Object;> (0x00000007aacfad30) thrown at [/corretto/workspace/corretto8-repo/installers/mac/tar/corretto-build/buildRoot/src/hotspo
Event: 1.506 Thread 0x00007faddd800800 Exception <a 'java/lang/NoSuchMethodError': java.lang.Object.lambda$isEqual$3(Ljava/lang/Object;Ljava/lang/Object;)Z> (0x00000007ab5043a0) thrown at [/corretto/workspace/corretto8-repo/installers/mac/tar/corretto-build/buildRoot/src/hotspot/src/share/vm/i
Event: 1.999 Thread 0x00007faddd800800 Implicit null exception at 0x0000000109768b82 to 0x00000001097698c1

Events (10 events):
Event: 2.092 Thread 0x00007faddb9d0000 DEOPT PACKING pc=0x0000000109759ca8 sp=0x000070000aa1f2b0
Event: 2.092 Thread 0x00007faddd287000 Uncommon trap: trap_request=0xffffff65 fr.pc=0x0000000109759ca8
Event: 2.092 Thread 0x00007faddb9d0000 DEOPT UNPACKING pc=0x0000000108fa947a sp=0x000070000aa1f290 mode 2
Event: 2.092 Thread 0x00007faddc364000 DEOPT PACKING pc=0x0000000109759ca8 sp=0x000070000a91c2b0
Event: 2.092 Thread 0x00007faddd287000 DEOPT PACKING pc=0x0000000109759ca8 sp=0x000070000ac252b0
Event: 2.092 Thread 0x00007faddb9eb000 DEOPT UNPACKING pc=0x0000000108fa947a sp=0x000070000a716290 mode 2
Event: 2.092 Thread 0x00007faddc364000 DEOPT UNPACKING pc=0x0000000108fa947a sp=0x000070000a91c290 mode 2
Event: 2.092 Thread 0x00007faddd287000 DEOPT UNPACKING pc=0x0000000108fa947a sp=0x000070000ac25290 mode 2
Event: 2.092 Thread 0x00007fad9b056000 DEOPT PACKING pc=0x0000000109759ca8 sp=0x000070000a8192b0
Event: 2.092 Thread 0x00007fad9b056000 DEOPT UNPACKING pc=0x0000000108fa947a sp=0x000070000a819290 mode 2


Dynamic libraries:
0x00007fff3b86b000 	/System/Library/Frameworks/Cocoa.framework/Versions/A/Cocoa
0x00007fff48e37000 	/System/Library/Frameworks/Security.framework/Versions/A/Security
0x00007fff3a7f6000 	/System/Library/Frameworks/ApplicationServices.framework/Versions/A/ApplicationServices
0x00007fff73083000 	/usr/lib/libz.1.dylib
0x00007fff70b56000 	/usr/lib/libSystem.B.dylib
0x00007fff3c7e1000 	/System/Library/Frameworks/CoreFoundation.framework/Versions/A/CoreFoundation
0x00007fff3eea6000 	/System/Library/Frameworks/Foundation.framework/Versions/C/Foundation
0x00007fff729a7000 	/usr/lib/libobjc.A.dylib
0x00007fff399eb000 	/System/Library/Frameworks/AppKit.framework/Versions/C/AppKit
0x00007fff3c2ee000 	/System/Library/Frameworks/CoreData.framework/Versions/A/CoreData
0x00007fff6d401000 	/System/Library/PrivateFrameworks/UIFoundation.framework/Versions/A/UIFoundation
0x00007fff67bec000 	/System/Library/PrivateFrameworks/RemoteViewServices.framework/Versions/A/RemoteViewServices
0x00007fff6fe91000 	/System/Library/PrivateFrameworks/XCTTargetBootstrap.framework/Versions/A/XCTTargetBootstrap
0x00007fff3c6d1000 	/System/Library/Frameworks/CoreDisplay.framework/Versions/A/CoreDisplay
0x00007fff41c1e000 	/System/Library/Frameworks/Metal.framework/Versions/A/Metal
0x00007fff56023000 	/System/Library/PrivateFrameworks/DesktopServicesPriv.framework/Versions/A/DesktopServicesPriv
0x00007fff71c8c000 	/usr/lib/liblangid.dylib
0x00007fff5517a000 	/System/Library/PrivateFrameworks/CoreSVG.framework/Versions/A/CoreSVG
0x00007fff6a9ae000 	/System/Library/PrivateFrameworks/SkyLight.framework/Versions/A/SkyLight
0x00007fff3cc63000 	/System/Library/Frameworks/CoreGraphics.framework/Versions/A/CoreGraphics
0x00007fff3858a000 	/System/Library/Frameworks/Accelerate.framework/Versions/A/Accelerate
0x00007fff72f74000 	/usr/lib/libxml2.2.dylib
0x00007fff60d2b000 	/System/Library/PrivateFrameworks/IconServices.framework/Versions/A/IconServices
0x00007fff3f68a000 	/System/Library/Frameworks/IOSurface.framework/Versions/A/IOSurface
0x00007fff7068e000 	/usr/lib/libDiagnosticMessagesClient.dylib
0x00007fff55e9c000 	/System/Library/PrivateFrameworks/DFRFoundation.framework/Versions/A/DFRFoundation
0x00007fff71a1a000 	/usr/lib/libicucore.A.dylib
0x00007fff3ab28000 	/System/Library/Frameworks/AudioToolbox.framework/Versions/A/AudioToolbox
0x00007fff3ac0a000 	/System/Library/Frameworks/AudioUnit.framework/Versions/A/AudioUnit
0x00007fff70d57000 	/usr/lib/libauto.dylib
0x00007fff55f1d000 	/System/Library/PrivateFrameworks/DataDetectorsCore.framework/Versions/A/DataDetectorsCore
0x00007fff3b38b000 	/System/Library/Frameworks/Carbon.framework/Versions/A/Frameworks/HIToolbox.framework/Versions/A/HIToolbox
0x00007fff48069000 	/System/Library/Frameworks/QuartzCore.framework/Versions/A/QuartzCore
0x00007fff3b6ca000 	/System/Library/Frameworks/Carbon.framework/Versions/A/Frameworks/SpeechRecognition.framework/Versions/A/SpeechRecognition
0x00007fff55822000 	/System/Library/PrivateFrameworks/CoreUI.framework/Versions/A/CoreUI
0x00007fff3bd54000 	/System/Library/Frameworks/CoreAudio.framework/Versions/A/CoreAudio
0x00007fff3eb6e000 	/System/Library/Frameworks/DiskArbitration.framework/Versions/A/DiskArbitration
0x00007fff62d3f000 	/System/Library/PrivateFrameworks/MultitouchSupport.framework/Versions/A/MultitouchSupport
0x00007fff718e0000 	/usr/lib/libenergytrace.dylib
0x00007fff3f5e5000 	/System/Library/Frameworks/IOKit.framework/Versions/A/IOKit
0x00007fff3dbd1000 	/System/Library/Frameworks/CoreServices.framework/Versions/A/CoreServices
0x00007fff64e49000 	/System/Library/PrivateFrameworks/PerformanceAnalysis.framework/Versions/A/PerformanceAnalysis
0x00007fff4709f000 	/System/Library/Frameworks/OpenGL.framework/Versions/A/OpenGL
0x00007fff3b879000 	/System/Library/Frameworks/ColorSync.framework/Versions/A/ColorSync
0x00007fff3d2ea000 	/System/Library/Frameworks/CoreImage.framework/Versions/A/CoreImage
0x00007fff3e647000 	/System/Library/Frameworks/CoreText.framework/Versions/A/CoreText
0x00007fff3f710000 	/System/Library/Frameworks/ImageIO.framework/Versions/A/ImageIO
0x00007fff70e3c000 	/usr/lib/libc++.1.dylib
0x00007fff70eb8000 	/usr/lib/libcompression.dylib
0x00007fff709d0000 	/usr/lib/libMobileGestalt.dylib
0x00007fff6c4e3000 	/System/Library/PrivateFrameworks/TextureIO.framework/Versions/A/TextureIO
0x00007fff70cbd000 	/usr/lib/libate.dylib
0x00007fff60f34000 	/System/Library/PrivateFrameworks/InternationalSupport.framework/Versions/A/InternationalSupport
0x00007fff73af9000 	/usr/lib/system/libcache.dylib
0x00007fff73aff000 	/usr/lib/system/libcommonCrypto.dylib
0x00007fff73b0b000 	/usr/lib/system/libcompiler_rt.dylib
0x00007fff73b13000 	/usr/lib/system/libcopyfile.dylib
0x00007fff73b1d000 	/usr/lib/system/libcorecrypto.dylib
0x00007fff73ccb000 	/usr/lib/system/libdispatch.dylib
0x00007fff73d0d000 	/usr/lib/system/libdyld.dylib
0x00007fff73d43000 	/usr/lib/system/libkeymgr.dylib
0x00007fff73d51000 	/usr/lib/system/liblaunch.dylib
0x00007fff73d52000 	/usr/lib/system/libmacho.dylib
0x00007fff73d58000 	/usr/lib/system/libquarantine.dylib
0x00007fff73d5b000 	/usr/lib/system/libremovefile.dylib
0x00007fff73d5d000 	/usr/lib/system/libsystem_asl.dylib
0x00007fff73d75000 	/usr/lib/system/libsystem_blocks.dylib
0x00007fff73d76000 	/usr/lib/system/libsystem_c.dylib
0x00007fff73dfe000 	/usr/lib/system/libsystem_configuration.dylib
0x00007fff73e02000 	/usr/lib/system/libsystem_coreservices.dylib
0x00007fff73e06000 	/usr/lib/system/libsystem_darwin.dylib
0x00007fff73e0f000 	/usr/lib/system/libsystem_dnssd.dylib
0x00007fff73e17000 	/usr/lib/system/libsystem_featureflags.dylib
0x00007fff73e19000 	/usr/lib/system/libsystem_info.dylib
0x00007fff73e94000 	/usr/lib/system/libsystem_m.dylib
0x00007fff73edc000 	/usr/lib/system/libsystem_malloc.dylib
0x00007fff73f04000 	/usr/lib/system/libsystem_networkextension.dylib
0x00007fff73f12000 	/usr/lib/system/libsystem_notify.dylib
0x00007fff73f31000 	/usr/lib/system/libsystem_sandbox.dylib
0x00007fff73f36000 	/usr/lib/system/libsystem_secinit.dylib
0x00007fff73e67000 	/usr/lib/system/libsystem_kernel.dylib
0x00007fff73f1c000 	/usr/lib/system/libsystem_platform.dylib
0x00007fff73f26000 	/usr/lib/system/libsystem_pthread.dylib
0x00007fff73f39000 	/usr/lib/system/libsystem_symptoms.dylib
0x00007fff73f41000 	/usr/lib/system/libsystem_trace.dylib
0x00007fff73f59000 	/usr/lib/system/libunwind.dylib
0x00007fff73f5f000 	/usr/lib/system/libxpc.dylib
0x00007fff70e90000 	/usr/lib/libc++abi.dylib
0x00007fff71c8e000 	/usr/lib/liblzma.5.dylib
0x00007fff71908000 	/usr/lib/libfakelink.dylib
0x00007fff70c4a000 	/usr/lib/libarchive.2.dylib
0x00007fff49fd7000 	/System/Library/Frameworks/SystemConfiguration.framework/Versions/A/SystemConfiguration
0x00007fff705bf000 	/usr/lib/libCRFSuite.dylib
0x00007fff3af80000 	/System/Library/Frameworks/CFNetwork.framework/Versions/A/CFNetwork
0x00007fff70e1e000 	/usr/lib/libbsm.0.dylib
0x00007fff73d44000 	/usr/lib/system/libkxld.dylib
0x00007fff4f95e000 	/System/Library/PrivateFrameworks/AppleFSCompression.framework/Versions/A/AppleFSCompression
0x00007fff7119f000 	/usr/lib/libcoretls.dylib
0x00007fff711b6000 	/usr/lib/libcoretls_cfhelpers.dylib
0x00007fff729eb000 	/usr/lib/libpam.2.dylib
0x00007fff72b1e000 	/usr/lib/libsqlite3.dylib
0x00007fff72f61000 	/usr/lib/libxar.1.dylib
0x00007fff70e2f000 	/usr/lib/libbz2.1.0.dylib
0x00007fff71929000 	/usr/lib/libiconv.2.dylib
0x00007fff70ea5000 	/usr/lib/libcharset.1.dylib
0x00007fff72492000 	/usr/lib/libnetwork.dylib
0x00007fff729f2000 	/usr/lib/libpcap.A.dylib
0x00007fff70bff000 	/usr/lib/libapple_nghttp2.dylib
0x00007fff3df88000 	/System/Library/Frameworks/CoreServices.framework/Versions/A/Frameworks/FSEvents.framework/Versions/A/FSEvents
0x00007fff3dc58000 	/System/Library/Frameworks/CoreServices.framework/Versions/A/Frameworks/CarbonCore.framework/Versions/A/CarbonCore
0x00007fff3e1cb000 	/System/Library/Frameworks/CoreServices.framework/Versions/A/Frameworks/Metadata.framework/Versions/A/Metadata
0x00007fff3e264000 	/System/Library/Frameworks/CoreServices.framework/Versions/A/Frameworks/OSServices.framework/Versions/A/OSServices
0x00007fff3e292000 	/System/Library/Frameworks/CoreServices.framework/Versions/A/Frameworks/SearchKit.framework/Versions/A/SearchKit
0x00007fff3dbd2000 	/System/Library/Frameworks/CoreServices.framework/Versions/A/Frameworks/AE.framework/Versions/A/AE
0x00007fff3df91000 	/System/Library/Frameworks/CoreServices.framework/Versions/A/Frameworks/LaunchServices.framework/Versions/A/LaunchServices
0x00007fff3df3a000 	/System/Library/Frameworks/CoreServices.framework/Versions/A/Frameworks/DictionaryServices.framework/Versions/A/DictionaryServices
0x00007fff3e2fa000 	/System/Library/Frameworks/CoreServices.framework/Versions/A/Frameworks/SharedFileList.framework/Versions/A/SharedFileList
0x00007fff42ef3000 	/System/Library/Frameworks/NetFS.framework/Versions/A/NetFS
0x00007fff6326c000 	/System/Library/PrivateFrameworks/NetAuth.framework/Versions/A/NetAuth
0x00007fff7025c000 	/System/Library/PrivateFrameworks/login.framework/Versions/A/Frameworks/loginsupport.framework/Versions/A/loginsupport
0x00007fff6bfde000 	/System/Library/PrivateFrameworks/TCC.framework/Versions/A/TCC
0x00007fff54549000 	/System/Library/PrivateFrameworks/CoreNLP.framework/Versions/A/CoreNLP
0x00007fff6276f000 	/System/Library/PrivateFrameworks/MetadataUtilities.framework/Versions/A/MetadataUtilities
0x00007fff71d66000 	/usr/lib/libmecabra.dylib
0x00007fff71cbe000 	/usr/lib/libmecab.dylib
0x00007fff71919000 	/usr/lib/libgermantok.dylib
0x00007fff70be6000 	/usr/lib/libThaiTokenizer.dylib
0x00007fff705f7000 	/usr/lib/libChineseTokenizer.dylib
0x00007fff385a2000 	/System/Library/Frameworks/Accelerate.framework/Versions/A/Frameworks/vImage.framework/Versions/A/vImage
0x00007fff39845000 	/System/Library/Frameworks/Accelerate.framework/Versions/A/Frameworks/vecLib.framework/Versions/A/vecLib
0x00007fff39789000 	/System/Library/Frameworks/Accelerate.framework/Versions/A/Frameworks/vecLib.framework/Versions/A/libvMisc.dylib
0x00007fff395af000 	/System/Library/Frameworks/Accelerate.framework/Versions/A/Frameworks/vecLib.framework/Versions/A/libvDSP.dylib
0x00007fff38c0e000 	/System/Library/Frameworks/Accelerate.framework/Versions/A/Frameworks/vecLib.framework/Versions/A/libBLAS.dylib
0x00007fff39169000 	/System/Library/Frameworks/Accelerate.framework/Versions/A/Frameworks/vecLib.framework/Versions/A/libLAPACK.dylib
0x00007fff3950f000 	/System/Library/Frameworks/Accelerate.framework/Versions/A/Frameworks/vecLib.framework/Versions/A/libLinearAlgebra.dylib
0x00007fff3959c000 	/System/Library/Frameworks/Accelerate.framework/Versions/A/Frameworks/vecLib.framework/Versions/A/libSparseBLAS.dylib
0x00007fff39525000 	/System/Library/Frameworks/Accelerate.framework/Versions/A/Frameworks/vecLib.framework/Versions/A/libQuadrature.dylib
0x00007fff38e78000 	/System/Library/Frameworks/Accelerate.framework/Versions/A/Frameworks/vecLib.framework/Versions/A/libBNNS.dylib
0x00007fff3952b000 	/System/Library/Frameworks/Accelerate.framework/Versions/A/Frameworks/vecLib.framework/Versions/A/libSparse.dylib
0x00007fff612f3000 	/System/Library/PrivateFrameworks/LanguageModeling.framework/Versions/A/LanguageModeling
0x00007fff53ee5000 	/System/Library/PrivateFrameworks/CoreEmoji.framework/Versions/A/CoreEmoji
0x00007fff61411000 	/System/Library/PrivateFrameworks/LinguisticData.framework/Versions/A/LinguisticData
0x00007fff613c2000 	/System/Library/PrivateFrameworks/Lexicon.framework/Versions/A/Lexicon
0x00007fff70ea6000 	/usr/lib/libcmph.dylib
0x00007fff45ac5000 	/System/Library/Frameworks/OpenDirectory.framework/Versions/A/Frameworks/CFOpenDirectory.framework/Versions/A/CFOpenDirectory
0x00007fff45ae2000 	/System/Library/Frameworks/OpenDirectory.framework/Versions/A/OpenDirectory
0x00007fff4ddb0000 	/System/Library/PrivateFrameworks/APFS.framework/Versions/A/APFS
0x00007fff4918a000 	/System/Library/Frameworks/SecurityFoundation.framework/Versions/A/SecurityFoundation
0x00007fff72f5d000 	/usr/lib/libutil.dylib
0x00007fff551d2000 	/System/Library/PrivateFrameworks/CoreServicesStore.framework/Versions/A/CoreServicesStore
0x00007fff49242000 	/System/Library/Frameworks/ServiceManagement.framework/Versions/A/ServiceManagement
0x00007fff51115000 	/System/Library/PrivateFrameworks/BackgroundTaskManagement.framework/Versions/A/BackgroundTaskManagement
0x00007fff7305a000 	/usr/lib/libxslt.1.dylib
0x00007fff4ffc3000 	/System/Library/PrivateFrameworks/AppleSystemInfo.framework/Versions/A/AppleSystemInfo
0x00007fff3f92d000 	/System/Library/Frameworks/ImageIO.framework/Versions/A/Resources/libJPEG.dylib
0x00007fff3fbec000 	/System/Library/Frameworks/ImageIO.framework/Versions/A/Resources/libTIFF.dylib
0x00007fff3fbcf000 	/System/Library/Frameworks/ImageIO.framework/Versions/A/Resources/libPng.dylib
0x00007fff3f86e000 	/System/Library/Frameworks/ImageIO.framework/Versions/A/Resources/libGIF.dylib
0x00007fff3f872000 	/System/Library/Frameworks/ImageIO.framework/Versions/A/Resources/libJP2.dylib
0x00007fff3fbea000 	/System/Library/Frameworks/ImageIO.framework/Versions/A/Resources/libRadiance.dylib
0x00007fff718e1000 	/usr/lib/libexpat.1.dylib
0x00007fff4fab9000 	/System/Library/PrivateFrameworks/AppleJPEG.framework/Versions/A/AppleJPEG
0x00007fff58429000 	/System/Library/PrivateFrameworks/FontServices.framework/libFontParser.dylib
0x00007fff6f2b3000 	/System/Library/PrivateFrameworks/WatchdogClient.framework/Versions/A/WatchdogClient
0x00007fff60980000 	/System/Library/PrivateFrameworks/IOAccelerator.framework/Versions/A/IOAccelerator
0x00007fff41fac000 	/System/Library/Frameworks/MetalPerformanceShaders.framework/Versions/A/MetalPerformanceShaders
0x00007fff5d177000 	/System/Library/PrivateFrameworks/GPUWrangler.framework/Versions/A/GPUWrangler
0x00007fff6098b000 	/System/Library/PrivateFrameworks/IOPresentment.framework/Versions/A/IOPresentment
0x00007fff55eaf000 	/System/Library/PrivateFrameworks/DSExternalDisplay.framework/Versions/A/DSExternalDisplay
0x00007fff4644b000 	/System/Library/Frameworks/OpenGL.framework/Versions/A/Libraries/libCoreFSCache.dylib
0x00007fff41cfe000 	/System/Library/Frameworks/MetalPerformanceShaders.framework/Frameworks/MPSCore.framework/Versions/A/MPSCore
0x00007fff41d3b000 	/System/Library/Frameworks/MetalPerformanceShaders.framework/Frameworks/MPSImage.framework/Versions/A/MPSImage
0x00007fff41dfd000 	/System/Library/Frameworks/MetalPerformanceShaders.framework/Frameworks/MPSNeuralNetwork.framework/Versions/A/MPSNeuralNetwork
0x00007fff41dc2000 	/System/Library/Frameworks/MetalPerformanceShaders.framework/Frameworks/MPSMatrix.framework/Versions/A/MPSMatrix
0x00007fff41f5d000 	/System/Library/Frameworks/MetalPerformanceShaders.framework/Frameworks/MPSRayIntersector.framework/Versions/A/MPSRayIntersector
0x00007fff41de7000 	/System/Library/Frameworks/MetalPerformanceShaders.framework/Frameworks/MPSNDArray.framework/Versions/A/MPSNDArray
0x00007fff627bc000 	/System/Library/PrivateFrameworks/MetalTools.framework/Versions/A/MetalTools
0x00007fff4ef67000 	/System/Library/PrivateFrameworks/AggregateDictionary.framework/Versions/A/AggregateDictionary
0x00007fff5396f000 	/System/Library/PrivateFrameworks/CoreAnalytics.framework/Versions/A/CoreAnalytics
0x00007fff4fee1000 	/System/Library/PrivateFrameworks/AppleSauce.framework/Versions/A/AppleSauce
0x00007fff708b3000 	/usr/lib/libIOReport.dylib
0x00007fff3e7fc000 	/System/Library/Frameworks/CoreVideo.framework/Versions/A/CoreVideo
0x00007fff5e5e3000 	/System/Library/PrivateFrameworks/GraphVisualizer.framework/Versions/A/GraphVisualizer
0x00007fff579aa000 	/System/Library/PrivateFrameworks/FaceCore.framework/Versions/A/FaceCore
0x00007fff45a6c000 	/System/Library/Frameworks/OpenCL.framework/Versions/A/OpenCL
0x00007fff706d5000 	/usr/lib/libFosl_dynamic.dylib
0x00007fff63c67000 	/System/Library/PrivateFrameworks/OTSVG.framework/Versions/A/OTSVG
0x00007fff3a8fb000 	/System/Library/Frameworks/ApplicationServices.framework/Versions/A/Frameworks/ATS.framework/Versions/A/Resources/libFontRegistry.dylib
0x00007fff585fa000 	/System/Library/PrivateFrameworks/FontServices.framework/libhvf.dylib
0x00007fff46456000 	/System/Library/Frameworks/OpenGL.framework/Versions/A/Libraries/libGFXShared.dylib
0x00007fff46633000 	/System/Library/Frameworks/OpenGL.framework/Versions/A/Libraries/libGLU.dylib
0x00007fff4645f000 	/System/Library/Frameworks/OpenGL.framework/Versions/A/Libraries/libGL.dylib
0x00007fff4646a000 	/System/Library/Frameworks/OpenGL.framework/Versions/A/Libraries/libGLImage.dylib
0x00007fff46448000 	/System/Library/Frameworks/OpenGL.framework/Versions/A/Libraries/libCVMSPluginSupport.dylib
0x00007fff46451000 	/System/Library/Frameworks/OpenGL.framework/Versions/A/Libraries/libCoreVMClient.dylib
0x00007fff72334000 	/usr/lib/libncurses.5.4.dylib
0x00007fff3a7f7000 	/System/Library/Frameworks/ApplicationServices.framework/Versions/A/Frameworks/ATS.framework/Versions/A/ATS
0x00007fff3a9c4000 	/System/Library/Frameworks/ApplicationServices.framework/Versions/A/Frameworks/ColorSyncLegacy.framework/Versions/A/ColorSyncLegacy
0x00007fff3aa63000 	/System/Library/Frameworks/ApplicationServices.framework/Versions/A/Frameworks/HIServices.framework/Versions/A/HIServices
0x00007fff3aaba000 	/System/Library/Frameworks/ApplicationServices.framework/Versions/A/Frameworks/LangAnalysis.framework/Versions/A/LangAnalysis
0x00007fff3aac9000 	/System/Library/Frameworks/ApplicationServices.framework/Versions/A/Frameworks/PrintCore.framework/Versions/A/PrintCore
0x00007fff3ab0f000 	/System/Library/Frameworks/ApplicationServices.framework/Versions/A/Frameworks/QD.framework/Versions/A/QD
0x00007fff3ab1a000 	/System/Library/Frameworks/ApplicationServices.framework/Versions/A/Frameworks/SpeechSynthesis.framework/Versions/A/SpeechSynthesis
0x00007fff3a994000 	/System/Library/Frameworks/ApplicationServices.framework/Versions/A/Frameworks/ATSUI.framework/Versions/A/ATSUI
0x00007fff71775000 	/usr/lib/libcups.2.dylib
0x00007fff4105b000 	/System/Library/Frameworks/Kerberos.framework/Versions/A/Kerberos
0x00007fff3f2db000 	/System/Library/Frameworks/GSS.framework/Versions/A/GSS
0x00007fff72aaa000 	/usr/lib/libresolv.9.dylib
0x00007fff5e784000 	/System/Library/PrivateFrameworks/Heimdal.framework/Versions/A/Heimdal
0x00007fff4106e000 	/System/Library/Frameworks/Kerberos.framework/Versions/A/Libraries/libHeimdalProxy.dylib
0x00007fff7191f000 	/usr/lib/libheimdal-asn1.dylib
0x00007fff52e15000 	/System/Library/PrivateFrameworks/CommonAuth.framework/Versions/A/CommonAuth
0x00007fff50060000 	/System/Library/PrivateFrameworks/AssertionServices.framework/Versions/A/AssertionServices
0x00007fff50c03000 	/System/Library/PrivateFrameworks/AudioToolboxCore.framework/Versions/A/AudioToolboxCore
0x00007fff6ff0d000 	/System/Library/PrivateFrameworks/caulk.framework/Versions/A/caulk
0x00007fff511c1000 	/System/Library/PrivateFrameworks/BaseBoard.framework/Versions/A/BaseBoard
0x00007fff67d7b000 	/System/Library/PrivateFrameworks/RunningBoardServices.framework/Versions/A/RunningBoardServices
0x00007fff64e55000 	/System/Library/PrivateFrameworks/PersistentConnection.framework/Versions/A/PersistentConnection
0x00007fff677ca000 	/System/Library/PrivateFrameworks/ProtocolBuffer.framework/Versions/A/ProtocolBuffer
0x00007fff52e3a000 	/System/Library/PrivateFrameworks/CommonUtilities.framework/Versions/A/CommonUtilities
0x00007fff51344000 	/System/Library/PrivateFrameworks/Bom.framework/Versions/A/Bom
0x00007fff70582000 	/usr/lib/libAudioToolboxUtility.dylib
0x00007fff5111f000 	/System/Library/PrivateFrameworks/Backup.framework/Versions/A/Backup
0x00007fff55c1f000 	/System/Library/PrivateFrameworks/CrashReporterSupport.framework/Versions/A/CrashReporterSupport
0x00007fff69872000 	/System/Library/PrivateFrameworks/Sharing.framework/Versions/A/Sharing
0x00007fff4f804000 	/System/Library/PrivateFrameworks/Apple80211.framework/Versions/A/Apple80211
0x00007fff50e41000 	/System/Library/PrivateFrameworks/AuthKit.framework/Versions/A/AuthKit
0x00007fff5594f000 	/System/Library/PrivateFrameworks/CoreUtils.framework/Versions/A/CoreUtils
0x00007fff3e841000 	/System/Library/Frameworks/CoreWLAN.framework/Versions/A/CoreWLAN
0x00007fff3f466000 	/System/Library/Frameworks/IOBluetooth.framework/Versions/A/IOBluetooth
0x00007fff62aba000 	/System/Library/PrivateFrameworks/MobileKeyBag.framework/Versions/A/MobileKeyBag
0x00007fff54a25000 	/System/Library/PrivateFrameworks/CorePhoneNumbers.framework/Versions/A/CorePhoneNumbers
0x00007fff4fa6c000 	/System/Library/PrivateFrameworks/AppleIDAuthSupport.framework/Versions/A/AppleIDAuthSupport
0x00007fff42f00000 	/System/Library/Frameworks/Network.framework/Versions/A/Network
0x00007fff6117b000 	/System/Library/PrivateFrameworks/KeychainCircle.framework/Versions/A/KeychainCircle
0x00007fff3c2b6000 	/System/Library/Frameworks/CoreBluetooth.framework/Versions/A/CoreBluetooth
0x00007fff6b4ee000 	/System/Library/PrivateFrameworks/SpeechRecognitionCore.framework/Versions/A/SpeechRecognitionCore
0x0000000108600000 	/Users/abhatia/.jabba/jdk/amazon-corretto@1.8.242-08.1/Contents/Home/jre/lib/server/libjvm.dylib
0x0000000105e9c000 	/Users/abhatia/.jabba/jdk/amazon-corretto@1.8.242-08.1/Contents/Home/jre/lib/libverify.dylib
0x0000000105ea8000 	/Users/abhatia/.jabba/jdk/amazon-corretto@1.8.242-08.1/Contents/Home/jre/lib/libjava.dylib
0x0000000105f22000 	/Users/abhatia/.jabba/jdk/amazon-corretto@1.8.242-08.1/Contents/Home/jre/lib/libzip.dylib
0x00000001064ab000 	/Users/abhatia/.jabba/jdk/amazon-corretto@1.8.242-08.1/Contents/Home/jre/lib/libnio.dylib
0x00000001064b9000 	/Users/abhatia/.jabba/jdk/amazon-corretto@1.8.242-08.1/Contents/Home/jre/lib/libnet.dylib
0x00000001064d6000 	/Users/abhatia/.jabba/jdk/amazon-corretto@1.8.242-08.1/Contents/Home/jre/lib/libsunec.dylib
0x0000000106516000 	/Users/abhatia/.jabba/jdk/amazon-corretto@1.8.242-08.1/Contents/Home/jre/lib/libmanagement.dylib
0x000000010651f000 	/private/var/folders/z5/f62tt14n5gnfcjl7tdsn4wzxwnrrbb/T/liblz4-java4129311027234843025.dylib
0x000000010652b000 	/private/var/folders/z5/f62tt14n5gnfcjl7tdsn4wzxwnrrbb/T/jna--1201748622/jna6775409519202125084.tmp
0x00007fff41056000 	/System/Library/Frameworks/JavaVM.framework/Versions/A/JavaVM
0x00007fff60fde000 	/System/Library/PrivateFrameworks/JavaLaunching.framework/Versions/A/JavaLaunching

VM Arguments:
jvm_args: -Xms256m -Xmx1024m -Dcassandra.jmx.local.port=4099 -Dcassandra.config=file:/Users/abhatia/workspace/personal/Lightbend-Lagom-Java-Hello-World/exercises/target/embedded-cassandra/dev-embedded-cassandra.yaml -Dcassandra-foreground=true 
java_command: org.apache.cassandra.service.CassandraDaemon
java_class_path (initial): /Users/abhatia/workspace/personal/Lightbend-Lagom-Java-Hello-World/exercises/target/embedded-cassandra/cassandra-bundle.jar
Launcher Type: SUN_STANDARD

Environment Variables:
JAVA_HOME=/Users/abhatia/.jenv/versions/1.8
PATH=/Users/abhatia/installations/apache-maven-3.6.3/bin:/usr/local/Cellar/jenv/0.5.2/libexec/libexec:/Users/abhatia/.pyenv/plugins/pyenv-virtualenv/shims:/Users/abhatia/.pyenv/shims:/Users/abhatia/.jenv/shims:/usr/local/opt/make/libexec/gnubin:/Users/abhatia/installations/go1.14.1/bin:/Users/abhatia/installations/terraform:/Users/abhatia/installations/scala-2.12.8/bin:/Users/abhatia/installations/apache-maven-3.6.3/bin:/Users/abhatia/.pyenv/bin:/Users/abhatia/installations/spark-2.4.5-bin-without-hadoop-scala-2.12/bin:/Users/abhatia/installations/sbt/bin:/Users/abhatia/installations/kafka_2.12-2.2.1/bin:/usr/local/bin:/usr/bin:/bin:/usr/sbin:/sbin
SHELL=/bin/bash

Signal Handlers:
SIGSEGV: [libjvm.dylib+0x57d1fb], sa_mask[0]=11111111011111110111111111111111, sa_flags=SA_ONSTACK|SA_RESTART|SA_SIGINFO
SIGBUS: [libjvm.dylib+0x57d1fb], sa_mask[0]=11111111011111110111111111111111, sa_flags=SA_RESTART|SA_SIGINFO
SIGFPE: [libjvm.dylib+0x4670b1], sa_mask[0]=11111111011111110111111111111111, sa_flags=SA_RESTART|SA_SIGINFO
SIGPIPE: [libjvm.dylib+0x4670b1], sa_mask[0]=11111111011111110111111111111111, sa_flags=SA_RESTART|SA_SIGINFO
SIGXFSZ: [libjvm.dylib+0x4670b1], sa_mask[0]=11111111011111110111111111111111, sa_flags=SA_RESTART|SA_SIGINFO
SIGILL: [libjvm.dylib+0x4670b1], sa_mask[0]=11111111011111110111111111111111, sa_flags=SA_RESTART|SA_SIGINFO
SIGUSR1: SIG_DFL, sa_mask[0]=11011111011111100000000111000110, sa_flags=none
SIGUSR2: [libjvm.dylib+0x4679b9], sa_mask[0]=00100000000000000000000000000000, sa_flags=SA_RESTART|SA_SIGINFO
SIGHUP: [libjvm.dylib+0x465c11], sa_mask[0]=11111111011111110111111111111111, sa_flags=SA_RESTART|SA_SIGINFO
SIGINT: [libjvm.dylib+0x465c11], sa_mask[0]=11111111011111110111111111111111, sa_flags=SA_RESTART|SA_SIGINFO
SIGTERM: [libjvm.dylib+0x465c11], sa_mask[0]=11111111011111110111111111111111, sa_flags=SA_RESTART|SA_SIGINFO
SIGQUIT: [libjvm.dylib+0x465c11], sa_mask[0]=11111111011111110111111111111111, sa_flags=SA_RESTART|SA_SIGINFO


---------------  S Y S T E M  ---------------

OS:Bsduname:Darwin 19.2.0 Darwin Kernel Version 19.2.0: Sat Nov  9 03:47:04 PST 2019; root:xnu-6153.61.1~20/RELEASE_X86_64 x86_64
rlimit: STACK 8192k, CORE 0k, NPROC 5568, NOFILE 10240, AS infinity
load average:4.15 3.59 4.01

CPU:total 16 (initial active 16) (8 cores per cpu, 2 threads per core) family 6 model 158 stepping 13, cmov, cx8, fxsr, mmx, sse, sse2, sse3, ssse3, sse4.1, sse4.2, popcnt, avx, avx2, aes, clmul, erms, rtm, 3dnowpref, lzcnt, ht, tsc, tscinvbit, bmi1, bmi2, adx

Memory: 4k page, physical 33554432k(567196k free)

/proc/meminfo:


vm_info: OpenJDK 64-Bit Server VM (25.242-b08) for bsd-amd64 JRE (1.8.0_242-b08), built on Jan 17 2020 09:12:11 by "corretto" with gcc 4.2.1 Compatible Apple LLVM 6.1.0 (clang-602.0.53)

time: Wed Jun 17 23:49:06 2020
timezone: EDT
elapsed time: 2 seconds (0d 0h 0m 2s)

