#
# A fatal error has been detected by the Java Runtime Environment:
#
#  SIGSEGV (0xb) at pc=0x0000000106d54968, pid=23782, tid=0x0000000000008c03
#
# JRE version: OpenJDK Runtime Environment (8.0_242-b08) (build 1.8.0_242-b08)
# Java VM: OpenJDK 64-Bit Server VM (25.242-b08 mixed mode bsd-amd64 compressed oops)
# Problematic frame:
# V  [libjvm.dylib+0x554968]  Unsafe_GetByte+0x61
#
# Failed to write core dump. Core dumps have been disabled. To enable core dumping, try "ulimit -c unlimited" before starting Java again
#
# If you would like to submit a bug report, please include
# instructions on how to reproduce the bug and visit:
#   http://bugreport.java.com/bugreport/crash.jsp
#

---------------  T H R E A D  ---------------

Current thread (0x00007ff32f9b4800):  JavaThread "CompactionExecutor:2" daemon [_thread_in_vm, id=35843, stack(0x00007000107e6000,0x00007000108e6000)]

siginfo: si_signo: 11 (SIGSEGV), si_code: 1 (SEGV_MAPERR), si_addr: 0x0000000000000000

Registers:
RAX=0x0000000106eefdf0, RBX=0x00007ff32f9b4800, RCX=0x00007ff32b482860, RDX=0x0000000000000000
RSP=0x00007000108e4aa0, RBP=0x00007000108e4ad0, RSI=0x00007ff32f9b4800, RDI=0x00007000108e4ab0
R8 =0x0000000000000000, R9 =0x0000000000000000, R10=0x000000010b49758c, R11=0x000000010b497558
R12=0x0000000000000000, R13=0x00007000108e4b40, R14=0x00007ff32b482860, R15=0x0000000000000000
RIP=0x0000000106d54968, EFLAGS=0x0000000000010246, ERR=0x0000000000000004
  TRAPNO=0x000000000000000e

Top of Stack: (sp=0x00007000108e4aa0)
0x00007000108e4aa0:   0000000109c8b3f0 00007ff32f9b4800
0x00007000108e4ab0:   00007ff32f9b4800 0000000109af9428
0x00007000108e4ac0:   00007000108e4c20 00007ff32f9b4800
0x00007000108e4ad0:   00007000108e4b20 000000010b4975fe
0x00007000108e4ae0:   0000000780398a70 0000000000000000
0x00007000108e4af0:   00007ff32b1ae988 000000000000006c
0x00007000108e4b00:   00007000108e4b40 0000000106d56738
0x00007000108e4b10:   000000010aae8310 00007ff32f9b4800
0x00007000108e4b20:   00007000108e4ba0 000000010aaea700
0x00007000108e4b30:   00007000108e4ba0 000000010aaea700
0x00007000108e4b40:   00007ff32b482860 000000010aaeaa40
0x00007000108e4b50:   0000000000000000 0000000780398a70
0x00007000108e4b60:   00007000108e4b60 000000011bf654cd
0x00007000108e4b70:   00007000108e4c20 000000011bf657b8
0x00007000108e4b80:   0000000000000000 000000011bf655d0
0x00007000108e4b90:   00007000108e4b40 00007000108e4be8
0x00007000108e4ba0:   00007000108e4c68 000000010aaeaa40
0x00007000108e4bb0:   0000000000000000 0000000000000000
0x00007000108e4bc0:   0000000000000000 0000000000000000
0x00007000108e4bd0:   0000000000000000 0000000000000000
0x00007000108e4be0:   0000000000000005 0000000000000005
0x00007000108e4bf0:   0000000000000010 000000010aaeaa40
0x00007000108e4c00:   00000007af46fa08 0000000000000005
0x00007000108e4c10:   00007ff32b482860 0000000000000010
0x00007000108e4c20:   0000000000000000 00007000108e4c28
0x00007000108e4c30:   000000011bf652fc 00007000108e4cc8
0x00007000108e4c40:   000000011bf657b8 0000000000000000
0x00007000108e4c50:   000000011bf65398 00007000108e4be8
0x00007000108e4c60:   00007000108e4ca8 00007000108e4d10
0x00007000108e4c70:   000000010aaeaa40 0000000000000005
0x00007000108e4c80:   0000000000000005 0000000000000000
0x00007000108e4c90:   0000000000000010 0000000000000000 

Instructions: (pc=0x0000000106d54968)
0x0000000106d54948:   48 8d 7d e0 48 89 de e8 18 70 c0 ff 48 89 5d d8
0x0000000106d54958:   41 f6 c7 01 74 0a 4c 89 ff e8 7a 3e dc ff eb 03
0x0000000106d54968:   49 8b 07 42 0f be 1c 30 48 8d 7d d8 e8 03 31 ee
0x0000000106d54978:   ff 48 8d 7d e0 e8 7e 70 c0 ff 89 d8 48 83 c4 18 

Register to memory mapping:

RAX=0x0000000106eefdf0: _ZN20SafepointSynchronize6_stateE+0 in /Users/abhatia/.jabba/jdk/amazon-corretto@1.8.242-08.1/Contents/Home/jre/lib/server/libjvm.dylib at 0x0000000106800000
RBX=0x00007ff32f9b4800 is a thread
RCX=0x00007ff32b482860 is an unknown value
RDX=0x0000000000000000 is an unknown value
RSP=0x00007000108e4aa0 is pointing into the stack for thread: 0x00007ff32f9b4800
RBP=0x00007000108e4ad0 is pointing into the stack for thread: 0x00007ff32f9b4800
RSI=0x00007ff32f9b4800 is a thread
RDI=0x00007000108e4ab0 is pointing into the stack for thread: 0x00007ff32f9b4800
R8 =0x0000000000000000 is an unknown value
R9 =0x0000000000000000 is an unknown value
R10=0x000000010b49758c is at entry_point+76 in (nmethod*)0x000000010b4973d0
R11=0x000000010b497558 is at entry_point+24 in (nmethod*)0x000000010b4973d0
R12=0x0000000000000000 is an unknown value
R13=0x00007000108e4b40 is pointing into the stack for thread: 0x00007ff32f9b4800
R14=0x00007ff32b482860 is an unknown value
R15=0x0000000000000000 is an unknown value


Stack: [0x00007000107e6000,0x00007000108e6000],  sp=0x00007000108e4aa0,  free space=1018k
Native frames: (J=compiled Java code, j=interpreted, Vv=VM code, C=native code)
V  [libjvm.dylib+0x554968]  Unsafe_GetByte+0x61
J 2633  sun.misc.Unsafe.getByte(Ljava/lang/Object;J)B (0 bytes) @ 0x000000010b4975fe [0x000000010b497540+0xbe]
j  org.apache.cassandra.utils.FastByteOperations$UnsafeOperations.compareTo(Ljava/lang/Object;JILjava/lang/Object;JI)I+117
j  org.apache.cassandra.utils.FastByteOperations$UnsafeOperations.compareTo(Ljava/lang/Object;JILjava/nio/ByteBuffer;)I+84
j  org.apache.cassandra.utils.FastByteOperations$UnsafeOperations.compareTo(Ljava/nio/ByteBuffer;Ljava/nio/ByteBuffer;)I+57
j  org.apache.cassandra.utils.FastByteOperations$UnsafeOperations.compare(Ljava/nio/ByteBuffer;Ljava/nio/ByteBuffer;)I+2
j  org.apache.cassandra.utils.FastByteOperations.compareUnsigned(Ljava/nio/ByteBuffer;Ljava/nio/ByteBuffer;)I+5
j  org.apache.cassandra.utils.ByteBufferUtil.compareUnsigned(Ljava/nio/ByteBuffer;Ljava/nio/ByteBuffer;)I+2
j  org.apache.cassandra.db.DecoratedKey.compareTo(Lorg/apache/cassandra/dht/IPartitioner;Ljava/nio/ByteBuffer;Lorg/apache/cassandra/db/PartitionPosition;)I+53
j  org.apache.cassandra.io.sstable.IndexSummary.binarySearch(Lorg/apache/cassandra/db/PartitionPosition;)I+54
j  org.apache.cassandra.io.sstable.format.SSTableReader.getIndexScanPosition(Lorg/apache/cassandra/db/PartitionPosition;)J+33
j  org.apache.cassandra.io.sstable.format.big.BigTableScanner.seekToCurrentRangeStart()V+14
j  org.apache.cassandra.io.sstable.format.big.BigTableScanner.access$400(Lorg/apache/cassandra/io/sstable/format/big/BigTableScanner;)V+1
j  org.apache.cassandra.io.sstable.format.big.BigTableScanner$KeyScanningIterator.computeNext()Lorg/apache/cassandra/db/rows/UnfilteredRowIterator;+105
j  org.apache.cassandra.io.sstable.format.big.BigTableScanner$KeyScanningIterator.computeNext()Ljava/lang/Object;+1
j  org.apache.cassandra.utils.AbstractIterator.hasNext()Z+45
j  org.apache.cassandra.io.sstable.format.big.BigTableScanner.hasNext()Z+19
j  org.apache.cassandra.utils.MergeIterator$Candidate.advance()Lorg/apache/cassandra/utils/MergeIterator$Candidate;+21
j  org.apache.cassandra.utils.MergeIterator$ManyToOne.advance()V+27
j  org.apache.cassandra.utils.MergeIterator$ManyToOne.computeNext()Ljava/lang/Object;+1
j  org.apache.cassandra.utils.AbstractIterator.hasNext()Z+45
j  org.apache.cassandra.db.partitions.UnfilteredPartitionIterators$2.hasNext()Z+4
j  org.apache.cassandra.db.transform.BasePartitions.hasNext()Z+39
j  org.apache.cassandra.db.compaction.CompactionIterator.hasNext()Z+4
j  org.apache.cassandra.db.compaction.CompactionTask.runMayThrow()V+456
j  org.apache.cassandra.utils.WrappedRunnable.run()V+1
j  org.apache.cassandra.db.compaction.CompactionTask.executeInternal(Lorg/apache/cassandra/db/compaction/CompactionManager$CompactionExecutorStatsCollector;)I+6
j  org.apache.cassandra.db.compaction.AbstractCompactionTask.execute(Lorg/apache/cassandra/db/compaction/CompactionManager$CompactionExecutorStatsCollector;)I+2
j  org.apache.cassandra.db.compaction.CompactionManager$BackgroundCompactionCandidate.run()V+128
j  java.util.concurrent.Executors$RunnableAdapter.call()Ljava/lang/Object;+4
j  java.util.concurrent.FutureTask.run()V+42
j  java.util.concurrent.ThreadPoolExecutor.runWorker(Ljava/util/concurrent/ThreadPoolExecutor$Worker;)V+95
j  java.util.concurrent.ThreadPoolExecutor$Worker.run()V+5
j  org.apache.cassandra.concurrent.NamedThreadFactory.lambda$threadLocalDeallocator$0(Ljava/lang/Runnable;)V+1
j  org.apache.cassandra.concurrent.NamedThreadFactory$$Lambda$4.run()V+4
j  java.lang.Thread.run()V+11
v  ~StubRoutines::call_stub
V  [libjvm.dylib+0x2d7211]  JavaCalls::call_helper(JavaValue*, methodHandle*, JavaCallArguments*, Thread*)+0x5f1
V  [libjvm.dylib+0x2d6274]  JavaCalls::call_virtual(JavaValue*, KlassHandle, Symbol*, Symbol*, JavaCallArguments*, Thread*)+0x174
V  [libjvm.dylib+0x2d63dc]  JavaCalls::call_virtual(JavaValue*, Handle, KlassHandle, Symbol*, Symbol*, Thread*)+0x5c
V  [libjvm.dylib+0x3239f4]  thread_entry(JavaThread*, Thread*)+0x77
V  [libjvm.dylib+0x53d29c]  JavaThread::thread_main_inner()+0x86
V  [libjvm.dylib+0x464d34]  java_start(Thread*)+0xf0
C  [libsystem_pthread.dylib+0x5e65]  _pthread_start+0x94
C  [libsystem_pthread.dylib+0x183b]  thread_start+0xf
C  0x0000000000000000

Java frames: (J=compiled Java code, j=interpreted, Vv=VM code)
J 2633  sun.misc.Unsafe.getByte(Ljava/lang/Object;J)B (0 bytes) @ 0x000000010b49758c [0x000000010b497540+0x4c]
j  org.apache.cassandra.utils.FastByteOperations$UnsafeOperations.compareTo(Ljava/lang/Object;JILjava/lang/Object;JI)I+117
j  org.apache.cassandra.utils.FastByteOperations$UnsafeOperations.compareTo(Ljava/lang/Object;JILjava/nio/ByteBuffer;)I+84
j  org.apache.cassandra.utils.FastByteOperations$UnsafeOperations.compareTo(Ljava/nio/ByteBuffer;Ljava/nio/ByteBuffer;)I+57
j  org.apache.cassandra.utils.FastByteOperations$UnsafeOperations.compare(Ljava/nio/ByteBuffer;Ljava/nio/ByteBuffer;)I+2
j  org.apache.cassandra.utils.FastByteOperations.compareUnsigned(Ljava/nio/ByteBuffer;Ljava/nio/ByteBuffer;)I+5
j  org.apache.cassandra.utils.ByteBufferUtil.compareUnsigned(Ljava/nio/ByteBuffer;Ljava/nio/ByteBuffer;)I+2
j  org.apache.cassandra.db.DecoratedKey.compareTo(Lorg/apache/cassandra/dht/IPartitioner;Ljava/nio/ByteBuffer;Lorg/apache/cassandra/db/PartitionPosition;)I+53
j  org.apache.cassandra.io.sstable.IndexSummary.binarySearch(Lorg/apache/cassandra/db/PartitionPosition;)I+54
j  org.apache.cassandra.io.sstable.format.SSTableReader.getIndexScanPosition(Lorg/apache/cassandra/db/PartitionPosition;)J+33
j  org.apache.cassandra.io.sstable.format.big.BigTableScanner.seekToCurrentRangeStart()V+14
j  org.apache.cassandra.io.sstable.format.big.BigTableScanner.access$400(Lorg/apache/cassandra/io/sstable/format/big/BigTableScanner;)V+1
j  org.apache.cassandra.io.sstable.format.big.BigTableScanner$KeyScanningIterator.computeNext()Lorg/apache/cassandra/db/rows/UnfilteredRowIterator;+105
j  org.apache.cassandra.io.sstable.format.big.BigTableScanner$KeyScanningIterator.computeNext()Ljava/lang/Object;+1
j  org.apache.cassandra.utils.AbstractIterator.hasNext()Z+45
j  org.apache.cassandra.io.sstable.format.big.BigTableScanner.hasNext()Z+19
j  org.apache.cassandra.utils.MergeIterator$Candidate.advance()Lorg/apache/cassandra/utils/MergeIterator$Candidate;+21
j  org.apache.cassandra.utils.MergeIterator$ManyToOne.advance()V+27
j  org.apache.cassandra.utils.MergeIterator$ManyToOne.computeNext()Ljava/lang/Object;+1
j  org.apache.cassandra.utils.AbstractIterator.hasNext()Z+45
j  org.apache.cassandra.db.partitions.UnfilteredPartitionIterators$2.hasNext()Z+4
j  org.apache.cassandra.db.transform.BasePartitions.hasNext()Z+39
j  org.apache.cassandra.db.compaction.CompactionIterator.hasNext()Z+4
j  org.apache.cassandra.db.compaction.CompactionTask.runMayThrow()V+456
j  org.apache.cassandra.utils.WrappedRunnable.run()V+1
j  org.apache.cassandra.db.compaction.CompactionTask.executeInternal(Lorg/apache/cassandra/db/compaction/CompactionManager$CompactionExecutorStatsCollector;)I+6
j  org.apache.cassandra.db.compaction.AbstractCompactionTask.execute(Lorg/apache/cassandra/db/compaction/CompactionManager$CompactionExecutorStatsCollector;)I+2
j  org.apache.cassandra.db.compaction.CompactionManager$BackgroundCompactionCandidate.run()V+128
j  java.util.concurrent.Executors$RunnableAdapter.call()Ljava/lang/Object;+4
j  java.util.concurrent.FutureTask.run()V+42
j  java.util.concurrent.ThreadPoolExecutor.runWorker(Ljava/util/concurrent/ThreadPoolExecutor$Worker;)V+95
j  java.util.concurrent.ThreadPoolExecutor$Worker.run()V+5
j  org.apache.cassandra.concurrent.NamedThreadFactory.lambda$threadLocalDeallocator$0(Ljava/lang/Runnable;)V+1
j  org.apache.cassandra.concurrent.NamedThreadFactory$$Lambda$4.run()V+4
j  java.lang.Thread.run()V+11
v  ~StubRoutines::call_stub

---------------  P R O C E S S  ---------------

Java Threads: ( => current thread )
  0x00007ff332194800 JavaThread "LocalPool-Cleaner:1" daemon [_thread_blocked, id=31747, stack(0x0000700010bf2000,0x0000700010cf2000)]
  0x00007ff3308d3800 JavaThread "NonPeriodicTasks:1" daemon [_thread_blocked, id=31235, stack(0x0000700010aef000,0x0000700010bef000)]
  0x00007ff3308d3000 JavaThread "CacheCleanupExecutor:1" daemon [_thread_blocked, id=30979, stack(0x00007000109ec000,0x0000700010aec000)]
  0x00007ff32f9b5800 JavaThread "ValidationExecutor:1" daemon [_thread_blocked, id=30467, stack(0x00007000108e9000,0x00007000109e9000)]
=>0x00007ff32f9b4800 JavaThread "CompactionExecutor:2" daemon [_thread_in_vm, id=35843, stack(0x00007000107e6000,0x00007000108e6000)]
  0x00007ff32d0fa800 JavaThread "CompactionExecutor:1" daemon [_thread_blocked, id=36099, stack(0x00007000106e3000,0x00007000107e3000)]
  0x00007ff3308af000 JavaThread "Reference-Reaper:1" daemon [_thread_blocked, id=27655, stack(0x00007000100d1000,0x00007000101d1000)]
  0x00007ff32ca63800 JavaThread "ScheduledFastTasks:1" daemon [_thread_blocked, id=29699, stack(0x00007000105e0000,0x00007000106e0000)]
  0x00007ff2ea807800 JavaThread "OptionalTasks:1" daemon [_thread_blocked, id=29187, stack(0x00007000104dd000,0x00007000105dd000)]
  0x00007ff32e961800 JavaThread "PERIODIC-COMMIT-LOG-SYNCER" [_thread_blocked, id=28675, stack(0x00007000103da000,0x00007000104da000)]
  0x00007ff32ca61800 JavaThread "COMMIT-LOG-ALLOCATOR" [_thread_blocked, id=36611, stack(0x00007000102d7000,0x00007000103d7000)]
  0x00007ff32a932000 JavaThread "SlabPoolCleaner" daemon [_thread_blocked, id=28163, stack(0x00007000101d4000,0x00007000102d4000)]
  0x00007ff332060000 JavaThread "SecondaryIndexManagement:1" daemon [_thread_blocked, id=37379, stack(0x000070000ffce000,0x00007000100ce000)]
  0x00007ff32c93c000 JavaThread "MemtableReclaimMemory:1" daemon [_thread_blocked, id=37635, stack(0x000070000fecb000,0x000070000ffcb000)]
  0x00007ff32c93b000 JavaThread "MemtablePostFlush:1" daemon [_thread_blocked, id=26883, stack(0x000070000fdc8000,0x000070000fec8000)]
  0x00007ff32c92f000 JavaThread "PerDiskMemtableFlushWriter_0:2" daemon [_thread_blocked, id=38147, stack(0x000070000fcc5000,0x000070000fdc5000)]
  0x00007ff32c934800 JavaThread "PerDiskMemtableFlushWriter_0:1" daemon [_thread_blocked, id=26371, stack(0x000070000fbc2000,0x000070000fcc2000)]
  0x00007ff32d818800 JavaThread "MemtableFlushWriter:2" daemon [_thread_in_native, id=25859, stack(0x000070000fabf000,0x000070000fbbf000)]
  0x00007ff32f88c000 JavaThread "MemtableFlushWriter:1" daemon [_thread_blocked, id=38659, stack(0x000070000f9bc000,0x000070000fabc000)]
  0x00007ff32c079000 JavaThread "EXPIRING-MAP-REAPER:1" daemon [_thread_blocked, id=38915, stack(0x000070000f8b9000,0x000070000f9b9000)]
  0x00007ff32f0db000 JavaThread "RMI TCP Accept-0" daemon [_thread_in_native, id=39427, stack(0x000070000f7b6000,0x000070000f8b6000)]
  0x00007ff32c912000 JavaThread "RMI TCP Accept-4099" daemon [_thread_in_native, id=25091, stack(0x000070000f6b3000,0x000070000f7b3000)]
  0x00007ff32c8fc800 JavaThread "ScheduledTasks:1" daemon [_thread_blocked, id=24579, stack(0x000070000f5b0000,0x000070000f6b0000)]
  0x00007ff32c001800 JavaThread "Service Thread" daemon [_thread_blocked, id=40195, stack(0x000070000f3aa000,0x000070000f4aa000)]
  0x00007ff30a804000 JavaThread "C1 CompilerThread11" daemon [_thread_blocked, id=24067, stack(0x000070000f2a7000,0x000070000f3a7000)]
  0x00007ff30a803800 JavaThread "C1 CompilerThread10" daemon [_thread_blocked, id=40707, stack(0x000070000f1a4000,0x000070000f2a4000)]
  0x00007ff32f82f800 JavaThread "C1 CompilerThread9" daemon [_thread_blocked, id=40963, stack(0x000070000f0a1000,0x000070000f1a1000)]
  0x00007ff32f82e800 JavaThread "C1 CompilerThread8" daemon [_thread_blocked, id=41475, stack(0x000070000ef9e000,0x000070000f09e000)]
  0x00007ff32e805000 JavaThread "C2 CompilerThread7" daemon [_thread_blocked, id=23043, stack(0x000070000ee9b000,0x000070000ef9b000)]
  0x00007ff32e804800 JavaThread "C2 CompilerThread6" daemon [_thread_blocked, id=41987, stack(0x000070000ed98000,0x000070000ee98000)]
  0x00007ff32f82e000 JavaThread "C2 CompilerThread5" daemon [_thread_in_native, id=42499, stack(0x000070000ec95000,0x000070000ed95000)]
  0x00007ff2ea803000 JavaThread "C2 CompilerThread4" daemon [_thread_blocked, id=22531, stack(0x000070000eb92000,0x000070000ec92000)]
  0x00007ff32b809000 JavaThread "C2 CompilerThread3" daemon [_thread_blocked, id=43011, stack(0x000070000ea8f000,0x000070000eb8f000)]
  0x00007ff32e803800 JavaThread "C2 CompilerThread2" daemon [_thread_in_native, id=22275, stack(0x000070000e98c000,0x000070000ea8c000)]
  0x00007ff32e802000 JavaThread "C2 CompilerThread1" daemon [_thread_blocked, id=21763, stack(0x000070000e889000,0x000070000e989000)]
  0x00007ff32e800000 JavaThread "C2 CompilerThread0" daemon [_thread_blocked, id=15619, stack(0x000070000e786000,0x000070000e886000)]
  0x00007ff2ea802000 JavaThread "Signal Dispatcher" daemon [_thread_blocked, id=16387, stack(0x000070000e683000,0x000070000e783000)]
  0x00007ff32a80c800 JavaThread "Finalizer" daemon [_thread_blocked, id=13571, stack(0x000070000e47a000,0x000070000e57a000)]
  0x00007ff32f01c800 JavaThread "Reference Handler" daemon [_thread_blocked, id=13315, stack(0x000070000e377000,0x000070000e477000)]
  0x00007ff32f800800 JavaThread "main" [_thread_blocked, id=3075, stack(0x000070000d44a000,0x000070000d54a000)]

Other Threads:
  0x00007ff32b808800 VMThread [stack: 0x000070000e274000,0x000070000e374000] [id=18691]
  0x00007ff32c002800 WatcherThread [stack: 0x000070000f4ad000,0x000070000f5ad000] [id=39939]

VM state:not at safepoint (normal execution)

VM Mutex/Monitor currently owned by a thread: None

heap address: 0x0000000780000000, size: 1024 MB, Compressed Oops mode: Zero based, Oop shift amount: 3
Narrow klass base: 0x0000000000000000, Narrow klass shift: 3
Compressed class space size: 1073741824 Address: 0x00000007c0000000

Heap:
 PSYoungGen      total 214016K, used 95487K [0x00000007aab00000, 0x00000007b8d80000, 0x00000007c0000000)
  eden space 201216K, 42% used [0x00000007aab00000,0x00000007aff0e0b8,0x00000007b6f80000)
  from space 12800K, 73% used [0x00000007b8100000,0x00000007b8a31c90,0x00000007b8d80000)
  to   space 15360K, 0% used [0x00000007b6f80000,0x00000007b6f80000,0x00000007b7e80000)
 ParOldGen       total 175104K, used 17545K [0x0000000780000000, 0x000000078ab00000, 0x00000007aab00000)
  object space 175104K, 10% used [0x0000000780000000,0x0000000781122508,0x000000078ab00000)
 Metaspace       used 31310K, capacity 31948K, committed 32128K, reserved 1077248K
  class space    used 4456K, capacity 4641K, committed 4736K, reserved 1048576K

Card table byte_map: [0x0000000107524000,0x0000000107725000] byte_map_base: 0x0000000103924000

Marking Bits: (ParMarkBitMap*) 0x0000000106eef8e8
 Begin Bits: [0x000000010787b000, 0x000000010887b000)
 End Bits:   [0x000000010887b000, 0x000000010987b000)

Polling page: 0x00000001046b0000

CodeCache: size=245760Kb used=10156Kb max_used=10156Kb free=235603Kb
 bounds [0x000000010aae3000, 0x000000010b4d3000, 0x0000000119ae3000]
 total_blobs=3244 nmethods=2725 adapters=430
 compilation: enabled

Compilation events (10 events):
Event: 3.700 Thread 0x00007ff32f82f800 2699       3       java.util.concurrent.ThreadPoolExecutor::isRunningOrShutdown (31 bytes)
Event: 3.700 Thread 0x00007ff30a804000 nmethod 2697 0x000000010b4c53d0 code [0x000000010b4c5520, 0x000000010b4c5670]
Event: 3.701 Thread 0x00007ff32f82f800 nmethod 2699 0x000000010b4c56d0 code [0x000000010b4c5840, 0x000000010b4c5b70]
Event: 3.701 Thread 0x00007ff30a803800 nmethod 2698 0x000000010b4c5c50 code [0x000000010b4c5dc0, 0x000000010b4c6210]
Event: 3.701 Thread 0x00007ff32f82e800 2700       3       com.google.common.collect.ImmutableList::asImmutableList (66 bytes)
Event: 3.701 Thread 0x00007ff30a804000 2701       1       org.apache.cassandra.io.sstable.Descriptor::hashCode (5 bytes)
Event: 3.701 Thread 0x00007ff30a804000 nmethod 2701 0x000000010b4c6350 code [0x000000010b4c64a0, 0x000000010b4c65b0]
Event: 3.702 Thread 0x00007ff32f82e800 nmethod 2700 0x000000010b4c6610 code [0x000000010b4c6880, 0x000000010b4c7738]
Event: 3.723 Thread 0x00007ff32f82f800 2702       1       java.util.EnumMap::access$600 (5 bytes)
Event: 3.723 Thread 0x00007ff32f82f800 nmethod 2702 0x000000010b4c8050 code [0x000000010b4c81a0, 0x000000010b4c8290]

GC Heap History (10 events):
Event: 2.389 GC heap before
{Heap before GC invocations=3 (full 1):
 PSYoungGen      total 76288K, used 65536K [0x00000007aab00000, 0x00000007b0000000, 0x00000007c0000000)
  eden space 65536K, 100% used [0x00000007aab00000,0x00000007aeb00000,0x00000007aeb00000)
  from space 10752K, 0% used [0x00000007aeb00000,0x00000007aeb00000,0x00000007af580000)
  to   space 10752K, 0% used [0x00000007af580000,0x00000007af580000,0x00000007b0000000)
 ParOldGen       total 175104K, used 13812K [0x0000000780000000, 0x000000078ab00000, 0x00000007aab00000)
  object space 175104K, 7% used [0x0000000780000000,0x0000000780d7d278,0x000000078ab00000)
 Metaspace       used 23717K, capacity 24150K, committed 24576K, reserved 1071104K
  class space    used 2803K, capacity 2959K, committed 3072K, reserved 1048576K
Event: 2.396 GC heap after
Heap after GC invocations=3 (full 1):
 PSYoungGen      total 76288K, used 10740K [0x00000007aab00000, 0x00000007b1d00000, 0x00000007c0000000)
  eden space 65536K, 0% used [0x00000007aab00000,0x00000007aab00000,0x00000007aeb00000)
  from space 10752K, 99% used [0x00000007af580000,0x00000007afffd1d0,0x00000007b0000000)
  to   space 10752K, 0% used [0x00000007aeb00000,0x00000007aeb00000,0x00000007af580000)
 ParOldGen       total 175104K, used 14809K [0x0000000780000000, 0x000000078ab00000, 0x00000007aab00000)
  object space 175104K, 8% used [0x0000000780000000,0x0000000780e76508,0x000000078ab00000)
 Metaspace       used 23717K, capacity 24150K, committed 24576K, reserved 1071104K
  class space    used 2803K, capacity 2959K, committed 3072K, reserved 1048576K
}
Event: 2.492 GC heap before
{Heap before GC invocations=4 (full 1):
 PSYoungGen      total 76288K, used 76276K [0x00000007aab00000, 0x00000007b1d00000, 0x00000007c0000000)
  eden space 65536K, 100% used [0x00000007aab00000,0x00000007aeb00000,0x00000007aeb00000)
  from space 10752K, 99% used [0x00000007af580000,0x00000007afffd1d0,0x00000007b0000000)
  to   space 10752K, 0% used [0x00000007aeb00000,0x00000007aeb00000,0x00000007af580000)
 ParOldGen       total 175104K, used 14809K [0x0000000780000000, 0x000000078ab00000, 0x00000007aab00000)
  object space 175104K, 8% used [0x0000000780000000,0x0000000780e76508,0x000000078ab00000)
 Metaspace       used 23717K, capacity 24150K, committed 24576K, reserved 1071104K
  class space    used 2803K, capacity 2959K, committed 3072K, reserved 1048576K
Event: 2.499 GC heap after
Heap after GC invocations=4 (full 1):
 PSYoungGen      total 76288K, used 10720K [0x00000007aab00000, 0x00000007b2b80000, 0x00000007c0000000)
  eden space 65536K, 0% used [0x00000007aab00000,0x00000007aab00000,0x00000007aeb00000)
  from space 10752K, 99% used [0x00000007aeb00000,0x00000007af578010,0x00000007af580000)
  to   space 10752K, 0% used [0x00000007b2100000,0x00000007b2100000,0x00000007b2b80000)
 ParOldGen       total 175104K, used 15401K [0x0000000780000000, 0x000000078ab00000, 0x00000007aab00000)
  object space 175104K, 8% used [0x0000000780000000,0x0000000780f0a508,0x000000078ab00000)
 Metaspace       used 23717K, capacity 24150K, committed 24576K, reserved 1071104K
  class space    used 2803K, capacity 2959K, committed 3072K, reserved 1048576K
}
Event: 2.553 GC heap before
{Heap before GC invocations=5 (full 1):
 PSYoungGen      total 76288K, used 76256K [0x00000007aab00000, 0x00000007b2b80000, 0x00000007c0000000)
  eden space 65536K, 100% used [0x00000007aab00000,0x00000007aeb00000,0x00000007aeb00000)
  from space 10752K, 99% used [0x00000007aeb00000,0x00000007af578010,0x00000007af580000)
  to   space 10752K, 0% used [0x00000007b2100000,0x00000007b2100000,0x00000007b2b80000)
 ParOldGen       total 175104K, used 15401K [0x0000000780000000, 0x000000078ab00000, 0x00000007aab00000)
  object space 175104K, 8% used [0x0000000780000000,0x0000000780f0a508,0x000000078ab00000)
 Metaspace       used 23717K, capacity 24150K, committed 24576K, reserved 1071104K
  class space    used 2803K, capacity 2959K, committed 3072K, reserved 1048576K
Event: 2.562 GC heap after
Heap after GC invocations=5 (full 1):
 PSYoungGen      total 120832K, used 10720K [0x00000007aab00000, 0x00000007b3480000, 0x00000007c0000000)
  eden space 110080K, 0% used [0x00000007aab00000,0x00000007aab00000,0x00000007b1680000)
  from space 10752K, 99% used [0x00000007b2100000,0x00000007b2b78010,0x00000007b2b80000)
  to   space 10752K, 0% used [0x00000007b1680000,0x00000007b1680000,0x00000007b2100000)
 ParOldGen       total 175104K, used 15513K [0x0000000780000000, 0x000000078ab00000, 0x00000007aab00000)
  object space 175104K, 8% used [0x0000000780000000,0x0000000780f26508,0x000000078ab00000)
 Metaspace       used 23717K, capacity 24150K, committed 24576K, reserved 1071104K
  class space    used 2803K, capacity 2959K, committed 3072K, reserved 1048576K
}
Event: 2.657 GC heap before
{Heap before GC invocations=6 (full 1):
 PSYoungGen      total 120832K, used 120800K [0x00000007aab00000, 0x00000007b3480000, 0x00000007c0000000)
  eden space 110080K, 100% used [0x00000007aab00000,0x00000007b1680000,0x00000007b1680000)
  from space 10752K, 99% used [0x00000007b2100000,0x00000007b2b78010,0x00000007b2b80000)
  to   space 10752K, 0% used [0x00000007b1680000,0x00000007b1680000,0x00000007b2100000)
 ParOldGen       total 175104K, used 15513K [0x0000000780000000, 0x000000078ab00000, 0x00000007aab00000)
  object space 175104K, 8% used [0x0000000780000000,0x0000000780f26508,0x000000078ab00000)
 Metaspace       used 23717K, capacity 24150K, committed 24576K, reserved 1071104K
  class space    used 2803K, capacity 2959K, committed 3072K, reserved 1048576K
Event: 2.671 GC heap after
Heap after GC invocations=6 (full 1):
 PSYoungGen      total 120832K, used 10720K [0x00000007aab00000, 0x00000007b9000000, 0x00000007c0000000)
  eden space 110080K, 0% used [0x00000007aab00000,0x00000007aab00000,0x00000007b1680000)
  from space 10752K, 99% used [0x00000007b1680000,0x00000007b20f8010,0x00000007b2100000)
  to   space 15360K, 0% used [0x00000007b8100000,0x00000007b8100000,0x00000007b9000000)
 ParOldGen       total 175104K, used 17537K [0x0000000780000000, 0x000000078ab00000, 0x00000007aab00000)
  object space 175104K, 10% used [0x0000000780000000,0x0000000781120508,0x000000078ab00000)
 Metaspace       used 23717K, capacity 24150K, committed 24576K, reserved 1071104K
  class space    used 2803K, capacity 2959K, committed 3072K, reserved 1048576K
}
Event: 2.895 GC heap before
{Heap before GC invocations=7 (full 1):
 PSYoungGen      total 120832K, used 120800K [0x00000007aab00000, 0x00000007b9000000, 0x00000007c0000000)
  eden space 110080K, 100% used [0x00000007aab00000,0x00000007b1680000,0x00000007b1680000)
  from space 10752K, 99% used [0x00000007b1680000,0x00000007b20f8010,0x00000007b2100000)
  to   space 15360K, 0% used [0x00000007b8100000,0x00000007b8100000,0x00000007b9000000)
 ParOldGen       total 175104K, used 17537K [0x0000000780000000, 0x000000078ab00000, 0x00000007aab00000)
  object space 175104K, 10% used [0x0000000780000000,0x0000000781120508,0x000000078ab00000)
 Metaspace       used 24705K, capacity 25126K, committed 25344K, reserved 1071104K
  class space    used 2915K, capacity 3071K, committed 3072K, reserved 1048576K
Event: 2.902 GC heap after
Heap after GC invocations=7 (full 1):
 PSYoungGen      total 214016K, used 9415K [0x00000007aab00000, 0x00000007b8d80000, 0x00000007c0000000)
  eden space 201216K, 0% used [0x00000007aab00000,0x00000007aab00000,0x00000007b6f80000)
  from space 12800K, 73% used [0x00000007b8100000,0x00000007b8a31c90,0x00000007b8d80000)
  to   space 15360K, 0% used [0x00000007b6f80000,0x00000007b6f80000,0x00000007b7e80000)
 ParOldGen       total 175104K, used 17545K [0x0000000780000000, 0x000000078ab00000, 0x00000007aab00000)
  object space 175104K, 10% used [0x0000000780000000,0x0000000781122508,0x000000078ab00000)
 Metaspace       used 24705K, capacity 25126K, committed 25344K, reserved 1071104K
  class space    used 2915K, capacity 3071K, committed 3072K, reserved 1048576K
}

Deoptimization events (10 events):
Event: 3.252 Thread 0x00007ff32f800800 Uncommon trap: reason=unstable_if action=reinterpret pc=0x000000010b2629c4 method=java.lang.Long.compare(JJ)I @ 13
Event: 3.272 Thread 0x00007ff32f88c000 Uncommon trap: reason=class_check action=maybe_recompile pc=0x000000010b29fe6c method=java.util.Collections$SetFromMap.add(Ljava/lang/Object;)Z @ 8
Event: 3.403 Thread 0x00007ff32f88c000 Uncommon trap: reason=class_check action=maybe_recompile pc=0x000000010b298290 method=java.lang.reflect.Field.get(Ljava/lang/Object;)Ljava/lang/Object; @ 45
Event: 3.474 Thread 0x00007ff32f88c000 Uncommon trap: reason=class_check action=maybe_recompile pc=0x000000010b298290 method=java.lang.reflect.Field.get(Ljava/lang/Object;)Ljava/lang/Object; @ 45
Event: 3.474 Thread 0x00007ff32f88c000 Uncommon trap: reason=class_check action=maybe_recompile pc=0x000000010b29fe6c method=java.util.Collections$SetFromMap.add(Ljava/lang/Object;)Z @ 8
Event: 3.480 Thread 0x00007ff32f88c000 Uncommon trap: reason=class_check action=maybe_recompile pc=0x000000010b29fe6c method=java.util.Collections$SetFromMap.add(Ljava/lang/Object;)Z @ 8
Event: 3.480 Thread 0x00007ff32f88c000 Uncommon trap: reason=class_check action=maybe_recompile pc=0x000000010b29fe6c method=java.util.Collections$SetFromMap.add(Ljava/lang/Object;)Z @ 8
Event: 3.559 Thread 0x00007ff32f88c000 Uncommon trap: reason=unstable_if action=reinterpret pc=0x000000010b3721c0 method=com.sun.jmx.mbeanserver.Introspector.findMBeanInterface(Ljava/lang/Class;Ljava/lang/String;)Ljava/lang/Class; @ 22
Event: 3.559 Thread 0x00007ff32f88c000 Uncommon trap: reason=unstable_if action=reinterpret pc=0x000000010b36d250 method=com.sun.jmx.mbeanserver.Introspector.implementsMBean(Ljava/lang/Class;Ljava/lang/String;)Ljava/lang/Class; @ 28
Event: 3.601 Thread 0x00007ff32d818800 Uncommon trap: reason=unstable_if action=reinterpret pc=0x000000010b2664c4 method=java.lang.Long.compare(JJ)I @ 13

Classes redefined (0 events):
No events

Internal exceptions (10 events):
Event: 0.888 Thread 0x00007ff32f800800 Exception <a 'sun/nio/fs/UnixException'> (0x00000007ac5abb40) thrown at [/corretto/workspace/corretto8-repo/installers/mac/tar/corretto-build/buildRoot/src/hotspot/src/share/vm/prims/jni.cpp, line 710]
Event: 0.888 Thread 0x00007ff32f800800 Exception <a 'sun/nio/fs/UnixException'> (0x00000007ac5acbf0) thrown at [/corretto/workspace/corretto8-repo/installers/mac/tar/corretto-build/buildRoot/src/hotspot/src/share/vm/prims/jni.cpp, line 710]
Event: 1.358 Thread 0x00007ff32f800800 Exception <a 'java/lang/ClassNotFoundException': javax/management/remote/rmi/RMIServerImpl_Skel> (0x00000007ad703898) thrown at [/corretto/workspace/corretto8-repo/installers/mac/tar/corretto-build/buildRoot/src/hotspot/src/share/vm/classfile/systemDictio
Event: 1.608 Thread 0x00007ff32f800800 Exception <a 'com/sun/jna/LastErrorException': [78] Function not implemented> (0x00000007adefb818) thrown at [/corretto/workspace/corretto8-repo/installers/mac/tar/corretto-build/buildRoot/src/hotspot/src/share/vm/prims/jni.cpp, line 737]
Event: 1.632 Thread 0x00007ff32f800800 Exception <a 'java/lang/UnsatisfiedLinkError': org.hyperic.sigar.Sigar.open()V> (0x00000007adf7ef28) thrown at [/corretto/workspace/corretto8-repo/installers/mac/tar/corretto-build/buildRoot/src/hotspot/src/share/vm/prims/nativeLookup.cpp, line 378]
Event: 1.634 Thread 0x00007ff32f800800 Exception <a 'java/lang/UnsatisfiedLinkError': org.hyperic.sigar.Sigar.getFileSystemListNative()[Lorg/hyperic/sigar/FileSystem;> (0x00000007adf82a08) thrown at [/corretto/workspace/corretto8-repo/installers/mac/tar/corretto-build/buildRoot/src/hotspot/src
Event: 1.915 Thread 0x00007ff32f800800 Exception <a 'java/lang/NoSuchMethodError': java.lang.Object.lambda$static$0(Ljava/lang/Object;Ljava/lang/Object;)Ljava/lang/Object;> (0x00000007aad11fa8) thrown at [/corretto/workspace/corretto8-repo/installers/mac/tar/corretto-build/buildRoot/src/hotspo
Event: 2.042 Thread 0x00007ff32f800800 Exception <a 'java/lang/NoSuchMethodError': java.lang.Object.lambda$isEqual$3(Ljava/lang/Object;Ljava/lang/Object;)Z> (0x00000007ab4e5550) thrown at [/corretto/workspace/corretto8-repo/installers/mac/tar/corretto-build/buildRoot/src/hotspot/src/share/vm/i
Event: 2.748 Thread 0x00007ff32f800800 Implicit null exception at 0x000000010b2aae02 to 0x000000010b2abb41
Event: 3.059 Thread 0x00007ff32f800800 Exception <a 'java/lang/NoSuchMethodError': java.lang.Object.lambda$static$0(JI)Z> (0x00000007ac44d148) thrown at [/corretto/workspace/corretto8-repo/installers/mac/tar/corretto-build/buildRoot/src/hotspot/src/share/vm/interpreter/linkResolver.cpp, line 6

Events (10 events):
Event: 3.717 loading class org/apache/cassandra/utils/memory/BufferPool$LocalPoolRef
Event: 3.717 loading class org/apache/cassandra/utils/memory/BufferPool$LocalPoolRef done
Event: 3.720 loading class com/clearspring/analytics/stream/cardinality/HyperLogLogPlus$Builder
Event: 3.720 loading class com/clearspring/analytics/stream/cardinality/HyperLogLogPlus$Builder done
Event: 3.720 loading class com/clearspring/analytics/util/IBuilder
Event: 3.720 loading class com/clearspring/analytics/util/IBuilder done
Event: 3.737 loading class org/apache/cassandra/io/sstable/SSTableRewriter
Event: 3.737 loading class org/apache/cassandra/io/sstable/SSTableRewriter done
Event: 3.738 loading class org/apache/cassandra/io/sstable/format/big/BigTableScanner$KeyScanningIterator
Event: 3.738 loading class org/apache/cassandra/io/sstable/format/big/BigTableScanner$KeyScanningIterator done


Dynamic libraries:
0x00007fff3b86b000 	/System/Library/Frameworks/Cocoa.framework/Versions/A/Cocoa
0x00007fff48e37000 	/System/Library/Frameworks/Security.framework/Versions/A/Security
0x00007fff3a7f6000 	/System/Library/Frameworks/ApplicationServices.framework/Versions/A/ApplicationServices
0x00007fff73083000 	/usr/lib/libz.1.dylib
0x00007fff70b56000 	/usr/lib/libSystem.B.dylib
0x00007fff3c7e1000 	/System/Library/Frameworks/CoreFoundation.framework/Versions/A/CoreFoundation
0x00007fff3eea6000 	/System/Library/Frameworks/Foundation.framework/Versions/C/Foundation
0x00007fff729a7000 	/usr/lib/libobjc.A.dylib
0x00007fff399eb000 	/System/Library/Frameworks/AppKit.framework/Versions/C/AppKit
0x00007fff3c2ee000 	/System/Library/Frameworks/CoreData.framework/Versions/A/CoreData
0x00007fff6d401000 	/System/Library/PrivateFrameworks/UIFoundation.framework/Versions/A/UIFoundation
0x00007fff67bec000 	/System/Library/PrivateFrameworks/RemoteViewServices.framework/Versions/A/RemoteViewServices
0x00007fff6fe91000 	/System/Library/PrivateFrameworks/XCTTargetBootstrap.framework/Versions/A/XCTTargetBootstrap
0x00007fff3c6d1000 	/System/Library/Frameworks/CoreDisplay.framework/Versions/A/CoreDisplay
0x00007fff41c1e000 	/System/Library/Frameworks/Metal.framework/Versions/A/Metal
0x00007fff56023000 	/System/Library/PrivateFrameworks/DesktopServicesPriv.framework/Versions/A/DesktopServicesPriv
0x00007fff71c8c000 	/usr/lib/liblangid.dylib
0x00007fff5517a000 	/System/Library/PrivateFrameworks/CoreSVG.framework/Versions/A/CoreSVG
0x00007fff6a9ae000 	/System/Library/PrivateFrameworks/SkyLight.framework/Versions/A/SkyLight
0x00007fff3cc63000 	/System/Library/Frameworks/CoreGraphics.framework/Versions/A/CoreGraphics
0x00007fff3858a000 	/System/Library/Frameworks/Accelerate.framework/Versions/A/Accelerate
0x00007fff72f74000 	/usr/lib/libxml2.2.dylib
0x00007fff60d2b000 	/System/Library/PrivateFrameworks/IconServices.framework/Versions/A/IconServices
0x00007fff3f68a000 	/System/Library/Frameworks/IOSurface.framework/Versions/A/IOSurface
0x00007fff7068e000 	/usr/lib/libDiagnosticMessagesClient.dylib
0x00007fff55e9c000 	/System/Library/PrivateFrameworks/DFRFoundation.framework/Versions/A/DFRFoundation
0x00007fff71a1a000 	/usr/lib/libicucore.A.dylib
0x00007fff3ab28000 	/System/Library/Frameworks/AudioToolbox.framework/Versions/A/AudioToolbox
0x00007fff3ac0a000 	/System/Library/Frameworks/AudioUnit.framework/Versions/A/AudioUnit
0x00007fff70d57000 	/usr/lib/libauto.dylib
0x00007fff55f1d000 	/System/Library/PrivateFrameworks/DataDetectorsCore.framework/Versions/A/DataDetectorsCore
0x00007fff3b38b000 	/System/Library/Frameworks/Carbon.framework/Versions/A/Frameworks/HIToolbox.framework/Versions/A/HIToolbox
0x00007fff48069000 	/System/Library/Frameworks/QuartzCore.framework/Versions/A/QuartzCore
0x00007fff3b6ca000 	/System/Library/Frameworks/Carbon.framework/Versions/A/Frameworks/SpeechRecognition.framework/Versions/A/SpeechRecognition
0x00007fff55822000 	/System/Library/PrivateFrameworks/CoreUI.framework/Versions/A/CoreUI
0x00007fff3bd54000 	/System/Library/Frameworks/CoreAudio.framework/Versions/A/CoreAudio
0x00007fff3eb6e000 	/System/Library/Frameworks/DiskArbitration.framework/Versions/A/DiskArbitration
0x00007fff62d3f000 	/System/Library/PrivateFrameworks/MultitouchSupport.framework/Versions/A/MultitouchSupport
0x00007fff718e0000 	/usr/lib/libenergytrace.dylib
0x00007fff3f5e5000 	/System/Library/Frameworks/IOKit.framework/Versions/A/IOKit
0x00007fff3dbd1000 	/System/Library/Frameworks/CoreServices.framework/Versions/A/CoreServices
0x00007fff64e49000 	/System/Library/PrivateFrameworks/PerformanceAnalysis.framework/Versions/A/PerformanceAnalysis
0x00007fff4709f000 	/System/Library/Frameworks/OpenGL.framework/Versions/A/OpenGL
0x00007fff3b879000 	/System/Library/Frameworks/ColorSync.framework/Versions/A/ColorSync
0x00007fff3d2ea000 	/System/Library/Frameworks/CoreImage.framework/Versions/A/CoreImage
0x00007fff3e647000 	/System/Library/Frameworks/CoreText.framework/Versions/A/CoreText
0x00007fff3f710000 	/System/Library/Frameworks/ImageIO.framework/Versions/A/ImageIO
0x00007fff70e3c000 	/usr/lib/libc++.1.dylib
0x00007fff70eb8000 	/usr/lib/libcompression.dylib
0x00007fff709d0000 	/usr/lib/libMobileGestalt.dylib
0x00007fff6c4e3000 	/System/Library/PrivateFrameworks/TextureIO.framework/Versions/A/TextureIO
0x00007fff70cbd000 	/usr/lib/libate.dylib
0x00007fff60f34000 	/System/Library/PrivateFrameworks/InternationalSupport.framework/Versions/A/InternationalSupport
0x00007fff73af9000 	/usr/lib/system/libcache.dylib
0x00007fff73aff000 	/usr/lib/system/libcommonCrypto.dylib
0x00007fff73b0b000 	/usr/lib/system/libcompiler_rt.dylib
0x00007fff73b13000 	/usr/lib/system/libcopyfile.dylib
0x00007fff73b1d000 	/usr/lib/system/libcorecrypto.dylib
0x00007fff73ccb000 	/usr/lib/system/libdispatch.dylib
0x00007fff73d0d000 	/usr/lib/system/libdyld.dylib
0x00007fff73d43000 	/usr/lib/system/libkeymgr.dylib
0x00007fff73d51000 	/usr/lib/system/liblaunch.dylib
0x00007fff73d52000 	/usr/lib/system/libmacho.dylib
0x00007fff73d58000 	/usr/lib/system/libquarantine.dylib
0x00007fff73d5b000 	/usr/lib/system/libremovefile.dylib
0x00007fff73d5d000 	/usr/lib/system/libsystem_asl.dylib
0x00007fff73d75000 	/usr/lib/system/libsystem_blocks.dylib
0x00007fff73d76000 	/usr/lib/system/libsystem_c.dylib
0x00007fff73dfe000 	/usr/lib/system/libsystem_configuration.dylib
0x00007fff73e02000 	/usr/lib/system/libsystem_coreservices.dylib
0x00007fff73e06000 	/usr/lib/system/libsystem_darwin.dylib
0x00007fff73e0f000 	/usr/lib/system/libsystem_dnssd.dylib
0x00007fff73e17000 	/usr/lib/system/libsystem_featureflags.dylib
0x00007fff73e19000 	/usr/lib/system/libsystem_info.dylib
0x00007fff73e94000 	/usr/lib/system/libsystem_m.dylib
0x00007fff73edc000 	/usr/lib/system/libsystem_malloc.dylib
0x00007fff73f04000 	/usr/lib/system/libsystem_networkextension.dylib
0x00007fff73f12000 	/usr/lib/system/libsystem_notify.dylib
0x00007fff73f31000 	/usr/lib/system/libsystem_sandbox.dylib
0x00007fff73f36000 	/usr/lib/system/libsystem_secinit.dylib
0x00007fff73e67000 	/usr/lib/system/libsystem_kernel.dylib
0x00007fff73f1c000 	/usr/lib/system/libsystem_platform.dylib
0x00007fff73f26000 	/usr/lib/system/libsystem_pthread.dylib
0x00007fff73f39000 	/usr/lib/system/libsystem_symptoms.dylib
0x00007fff73f41000 	/usr/lib/system/libsystem_trace.dylib
0x00007fff73f59000 	/usr/lib/system/libunwind.dylib
0x00007fff73f5f000 	/usr/lib/system/libxpc.dylib
0x00007fff70e90000 	/usr/lib/libc++abi.dylib
0x00007fff71c8e000 	/usr/lib/liblzma.5.dylib
0x00007fff71908000 	/usr/lib/libfakelink.dylib
0x00007fff70c4a000 	/usr/lib/libarchive.2.dylib
0x00007fff49fd7000 	/System/Library/Frameworks/SystemConfiguration.framework/Versions/A/SystemConfiguration
0x00007fff705bf000 	/usr/lib/libCRFSuite.dylib
0x00007fff3af80000 	/System/Library/Frameworks/CFNetwork.framework/Versions/A/CFNetwork
0x00007fff70e1e000 	/usr/lib/libbsm.0.dylib
0x00007fff73d44000 	/usr/lib/system/libkxld.dylib
0x00007fff4f95e000 	/System/Library/PrivateFrameworks/AppleFSCompression.framework/Versions/A/AppleFSCompression
0x00007fff7119f000 	/usr/lib/libcoretls.dylib
0x00007fff711b6000 	/usr/lib/libcoretls_cfhelpers.dylib
0x00007fff729eb000 	/usr/lib/libpam.2.dylib
0x00007fff72b1e000 	/usr/lib/libsqlite3.dylib
0x00007fff72f61000 	/usr/lib/libxar.1.dylib
0x00007fff70e2f000 	/usr/lib/libbz2.1.0.dylib
0x00007fff71929000 	/usr/lib/libiconv.2.dylib
0x00007fff70ea5000 	/usr/lib/libcharset.1.dylib
0x00007fff72492000 	/usr/lib/libnetwork.dylib
0x00007fff729f2000 	/usr/lib/libpcap.A.dylib
0x00007fff70bff000 	/usr/lib/libapple_nghttp2.dylib
0x00007fff3df88000 	/System/Library/Frameworks/CoreServices.framework/Versions/A/Frameworks/FSEvents.framework/Versions/A/FSEvents
0x00007fff3dc58000 	/System/Library/Frameworks/CoreServices.framework/Versions/A/Frameworks/CarbonCore.framework/Versions/A/CarbonCore
0x00007fff3e1cb000 	/System/Library/Frameworks/CoreServices.framework/Versions/A/Frameworks/Metadata.framework/Versions/A/Metadata
0x00007fff3e264000 	/System/Library/Frameworks/CoreServices.framework/Versions/A/Frameworks/OSServices.framework/Versions/A/OSServices
0x00007fff3e292000 	/System/Library/Frameworks/CoreServices.framework/Versions/A/Frameworks/SearchKit.framework/Versions/A/SearchKit
0x00007fff3dbd2000 	/System/Library/Frameworks/CoreServices.framework/Versions/A/Frameworks/AE.framework/Versions/A/AE
0x00007fff3df91000 	/System/Library/Frameworks/CoreServices.framework/Versions/A/Frameworks/LaunchServices.framework/Versions/A/LaunchServices
0x00007fff3df3a000 	/System/Library/Frameworks/CoreServices.framework/Versions/A/Frameworks/DictionaryServices.framework/Versions/A/DictionaryServices
0x00007fff3e2fa000 	/System/Library/Frameworks/CoreServices.framework/Versions/A/Frameworks/SharedFileList.framework/Versions/A/SharedFileList
0x00007fff42ef3000 	/System/Library/Frameworks/NetFS.framework/Versions/A/NetFS
0x00007fff6326c000 	/System/Library/PrivateFrameworks/NetAuth.framework/Versions/A/NetAuth
0x00007fff7025c000 	/System/Library/PrivateFrameworks/login.framework/Versions/A/Frameworks/loginsupport.framework/Versions/A/loginsupport
0x00007fff6bfde000 	/System/Library/PrivateFrameworks/TCC.framework/Versions/A/TCC
0x00007fff54549000 	/System/Library/PrivateFrameworks/CoreNLP.framework/Versions/A/CoreNLP
0x00007fff6276f000 	/System/Library/PrivateFrameworks/MetadataUtilities.framework/Versions/A/MetadataUtilities
0x00007fff71d66000 	/usr/lib/libmecabra.dylib
0x00007fff71cbe000 	/usr/lib/libmecab.dylib
0x00007fff71919000 	/usr/lib/libgermantok.dylib
0x00007fff70be6000 	/usr/lib/libThaiTokenizer.dylib
0x00007fff705f7000 	/usr/lib/libChineseTokenizer.dylib
0x00007fff385a2000 	/System/Library/Frameworks/Accelerate.framework/Versions/A/Frameworks/vImage.framework/Versions/A/vImage
0x00007fff39845000 	/System/Library/Frameworks/Accelerate.framework/Versions/A/Frameworks/vecLib.framework/Versions/A/vecLib
0x00007fff39789000 	/System/Library/Frameworks/Accelerate.framework/Versions/A/Frameworks/vecLib.framework/Versions/A/libvMisc.dylib
0x00007fff395af000 	/System/Library/Frameworks/Accelerate.framework/Versions/A/Frameworks/vecLib.framework/Versions/A/libvDSP.dylib
0x00007fff38c0e000 	/System/Library/Frameworks/Accelerate.framework/Versions/A/Frameworks/vecLib.framework/Versions/A/libBLAS.dylib
0x00007fff39169000 	/System/Library/Frameworks/Accelerate.framework/Versions/A/Frameworks/vecLib.framework/Versions/A/libLAPACK.dylib
0x00007fff3950f000 	/System/Library/Frameworks/Accelerate.framework/Versions/A/Frameworks/vecLib.framework/Versions/A/libLinearAlgebra.dylib
0x00007fff3959c000 	/System/Library/Frameworks/Accelerate.framework/Versions/A/Frameworks/vecLib.framework/Versions/A/libSparseBLAS.dylib
0x00007fff39525000 	/System/Library/Frameworks/Accelerate.framework/Versions/A/Frameworks/vecLib.framework/Versions/A/libQuadrature.dylib
0x00007fff38e78000 	/System/Library/Frameworks/Accelerate.framework/Versions/A/Frameworks/vecLib.framework/Versions/A/libBNNS.dylib
0x00007fff3952b000 	/System/Library/Frameworks/Accelerate.framework/Versions/A/Frameworks/vecLib.framework/Versions/A/libSparse.dylib
0x00007fff612f3000 	/System/Library/PrivateFrameworks/LanguageModeling.framework/Versions/A/LanguageModeling
0x00007fff53ee5000 	/System/Library/PrivateFrameworks/CoreEmoji.framework/Versions/A/CoreEmoji
0x00007fff61411000 	/System/Library/PrivateFrameworks/LinguisticData.framework/Versions/A/LinguisticData
0x00007fff613c2000 	/System/Library/PrivateFrameworks/Lexicon.framework/Versions/A/Lexicon
0x00007fff70ea6000 	/usr/lib/libcmph.dylib
0x00007fff45ac5000 	/System/Library/Frameworks/OpenDirectory.framework/Versions/A/Frameworks/CFOpenDirectory.framework/Versions/A/CFOpenDirectory
0x00007fff45ae2000 	/System/Library/Frameworks/OpenDirectory.framework/Versions/A/OpenDirectory
0x00007fff4ddb0000 	/System/Library/PrivateFrameworks/APFS.framework/Versions/A/APFS
0x00007fff4918a000 	/System/Library/Frameworks/SecurityFoundation.framework/Versions/A/SecurityFoundation
0x00007fff72f5d000 	/usr/lib/libutil.dylib
0x00007fff551d2000 	/System/Library/PrivateFrameworks/CoreServicesStore.framework/Versions/A/CoreServicesStore
0x00007fff49242000 	/System/Library/Frameworks/ServiceManagement.framework/Versions/A/ServiceManagement
0x00007fff51115000 	/System/Library/PrivateFrameworks/BackgroundTaskManagement.framework/Versions/A/BackgroundTaskManagement
0x00007fff7305a000 	/usr/lib/libxslt.1.dylib
0x00007fff4ffc3000 	/System/Library/PrivateFrameworks/AppleSystemInfo.framework/Versions/A/AppleSystemInfo
0x00007fff3f92d000 	/System/Library/Frameworks/ImageIO.framework/Versions/A/Resources/libJPEG.dylib
0x00007fff3fbec000 	/System/Library/Frameworks/ImageIO.framework/Versions/A/Resources/libTIFF.dylib
0x00007fff3fbcf000 	/System/Library/Frameworks/ImageIO.framework/Versions/A/Resources/libPng.dylib
0x00007fff3f86e000 	/System/Library/Frameworks/ImageIO.framework/Versions/A/Resources/libGIF.dylib
0x00007fff3f872000 	/System/Library/Frameworks/ImageIO.framework/Versions/A/Resources/libJP2.dylib
0x00007fff3fbea000 	/System/Library/Frameworks/ImageIO.framework/Versions/A/Resources/libRadiance.dylib
0x00007fff718e1000 	/usr/lib/libexpat.1.dylib
0x00007fff4fab9000 	/System/Library/PrivateFrameworks/AppleJPEG.framework/Versions/A/AppleJPEG
0x00007fff58429000 	/System/Library/PrivateFrameworks/FontServices.framework/libFontParser.dylib
0x00007fff6f2b3000 	/System/Library/PrivateFrameworks/WatchdogClient.framework/Versions/A/WatchdogClient
0x00007fff60980000 	/System/Library/PrivateFrameworks/IOAccelerator.framework/Versions/A/IOAccelerator
0x00007fff41fac000 	/System/Library/Frameworks/MetalPerformanceShaders.framework/Versions/A/MetalPerformanceShaders
0x00007fff5d177000 	/System/Library/PrivateFrameworks/GPUWrangler.framework/Versions/A/GPUWrangler
0x00007fff6098b000 	/System/Library/PrivateFrameworks/IOPresentment.framework/Versions/A/IOPresentment
0x00007fff55eaf000 	/System/Library/PrivateFrameworks/DSExternalDisplay.framework/Versions/A/DSExternalDisplay
0x00007fff4644b000 	/System/Library/Frameworks/OpenGL.framework/Versions/A/Libraries/libCoreFSCache.dylib
0x00007fff41cfe000 	/System/Library/Frameworks/MetalPerformanceShaders.framework/Frameworks/MPSCore.framework/Versions/A/MPSCore
0x00007fff41d3b000 	/System/Library/Frameworks/MetalPerformanceShaders.framework/Frameworks/MPSImage.framework/Versions/A/MPSImage
0x00007fff41dfd000 	/System/Library/Frameworks/MetalPerformanceShaders.framework/Frameworks/MPSNeuralNetwork.framework/Versions/A/MPSNeuralNetwork
0x00007fff41dc2000 	/System/Library/Frameworks/MetalPerformanceShaders.framework/Frameworks/MPSMatrix.framework/Versions/A/MPSMatrix
0x00007fff41f5d000 	/System/Library/Frameworks/MetalPerformanceShaders.framework/Frameworks/MPSRayIntersector.framework/Versions/A/MPSRayIntersector
0x00007fff41de7000 	/System/Library/Frameworks/MetalPerformanceShaders.framework/Frameworks/MPSNDArray.framework/Versions/A/MPSNDArray
0x00007fff627bc000 	/System/Library/PrivateFrameworks/MetalTools.framework/Versions/A/MetalTools
0x00007fff4ef67000 	/System/Library/PrivateFrameworks/AggregateDictionary.framework/Versions/A/AggregateDictionary
0x00007fff5396f000 	/System/Library/PrivateFrameworks/CoreAnalytics.framework/Versions/A/CoreAnalytics
0x00007fff4fee1000 	/System/Library/PrivateFrameworks/AppleSauce.framework/Versions/A/AppleSauce
0x00007fff708b3000 	/usr/lib/libIOReport.dylib
0x00007fff3e7fc000 	/System/Library/Frameworks/CoreVideo.framework/Versions/A/CoreVideo
0x00007fff5e5e3000 	/System/Library/PrivateFrameworks/GraphVisualizer.framework/Versions/A/GraphVisualizer
0x00007fff579aa000 	/System/Library/PrivateFrameworks/FaceCore.framework/Versions/A/FaceCore
0x00007fff45a6c000 	/System/Library/Frameworks/OpenCL.framework/Versions/A/OpenCL
0x00007fff706d5000 	/usr/lib/libFosl_dynamic.dylib
0x00007fff63c67000 	/System/Library/PrivateFrameworks/OTSVG.framework/Versions/A/OTSVG
0x00007fff3a8fb000 	/System/Library/Frameworks/ApplicationServices.framework/Versions/A/Frameworks/ATS.framework/Versions/A/Resources/libFontRegistry.dylib
0x00007fff585fa000 	/System/Library/PrivateFrameworks/FontServices.framework/libhvf.dylib
0x00007fff46456000 	/System/Library/Frameworks/OpenGL.framework/Versions/A/Libraries/libGFXShared.dylib
0x00007fff46633000 	/System/Library/Frameworks/OpenGL.framework/Versions/A/Libraries/libGLU.dylib
0x00007fff4645f000 	/System/Library/Frameworks/OpenGL.framework/Versions/A/Libraries/libGL.dylib
0x00007fff4646a000 	/System/Library/Frameworks/OpenGL.framework/Versions/A/Libraries/libGLImage.dylib
0x00007fff46448000 	/System/Library/Frameworks/OpenGL.framework/Versions/A/Libraries/libCVMSPluginSupport.dylib
0x00007fff46451000 	/System/Library/Frameworks/OpenGL.framework/Versions/A/Libraries/libCoreVMClient.dylib
0x00007fff72334000 	/usr/lib/libncurses.5.4.dylib
0x00007fff3a7f7000 	/System/Library/Frameworks/ApplicationServices.framework/Versions/A/Frameworks/ATS.framework/Versions/A/ATS
0x00007fff3a9c4000 	/System/Library/Frameworks/ApplicationServices.framework/Versions/A/Frameworks/ColorSyncLegacy.framework/Versions/A/ColorSyncLegacy
0x00007fff3aa63000 	/System/Library/Frameworks/ApplicationServices.framework/Versions/A/Frameworks/HIServices.framework/Versions/A/HIServices
0x00007fff3aaba000 	/System/Library/Frameworks/ApplicationServices.framework/Versions/A/Frameworks/LangAnalysis.framework/Versions/A/LangAnalysis
0x00007fff3aac9000 	/System/Library/Frameworks/ApplicationServices.framework/Versions/A/Frameworks/PrintCore.framework/Versions/A/PrintCore
0x00007fff3ab0f000 	/System/Library/Frameworks/ApplicationServices.framework/Versions/A/Frameworks/QD.framework/Versions/A/QD
0x00007fff3ab1a000 	/System/Library/Frameworks/ApplicationServices.framework/Versions/A/Frameworks/SpeechSynthesis.framework/Versions/A/SpeechSynthesis
0x00007fff3a994000 	/System/Library/Frameworks/ApplicationServices.framework/Versions/A/Frameworks/ATSUI.framework/Versions/A/ATSUI
0x00007fff71775000 	/usr/lib/libcups.2.dylib
0x00007fff4105b000 	/System/Library/Frameworks/Kerberos.framework/Versions/A/Kerberos
0x00007fff3f2db000 	/System/Library/Frameworks/GSS.framework/Versions/A/GSS
0x00007fff72aaa000 	/usr/lib/libresolv.9.dylib
0x00007fff5e784000 	/System/Library/PrivateFrameworks/Heimdal.framework/Versions/A/Heimdal
0x00007fff4106e000 	/System/Library/Frameworks/Kerberos.framework/Versions/A/Libraries/libHeimdalProxy.dylib
0x00007fff7191f000 	/usr/lib/libheimdal-asn1.dylib
0x00007fff52e15000 	/System/Library/PrivateFrameworks/CommonAuth.framework/Versions/A/CommonAuth
0x00007fff50060000 	/System/Library/PrivateFrameworks/AssertionServices.framework/Versions/A/AssertionServices
0x00007fff50c03000 	/System/Library/PrivateFrameworks/AudioToolboxCore.framework/Versions/A/AudioToolboxCore
0x00007fff6ff0d000 	/System/Library/PrivateFrameworks/caulk.framework/Versions/A/caulk
0x00007fff511c1000 	/System/Library/PrivateFrameworks/BaseBoard.framework/Versions/A/BaseBoard
0x00007fff67d7b000 	/System/Library/PrivateFrameworks/RunningBoardServices.framework/Versions/A/RunningBoardServices
0x00007fff64e55000 	/System/Library/PrivateFrameworks/PersistentConnection.framework/Versions/A/PersistentConnection
0x00007fff677ca000 	/System/Library/PrivateFrameworks/ProtocolBuffer.framework/Versions/A/ProtocolBuffer
0x00007fff52e3a000 	/System/Library/PrivateFrameworks/CommonUtilities.framework/Versions/A/CommonUtilities
0x00007fff51344000 	/System/Library/PrivateFrameworks/Bom.framework/Versions/A/Bom
0x00007fff70582000 	/usr/lib/libAudioToolboxUtility.dylib
0x00007fff5111f000 	/System/Library/PrivateFrameworks/Backup.framework/Versions/A/Backup
0x00007fff55c1f000 	/System/Library/PrivateFrameworks/CrashReporterSupport.framework/Versions/A/CrashReporterSupport
0x00007fff69872000 	/System/Library/PrivateFrameworks/Sharing.framework/Versions/A/Sharing
0x00007fff4f804000 	/System/Library/PrivateFrameworks/Apple80211.framework/Versions/A/Apple80211
0x00007fff50e41000 	/System/Library/PrivateFrameworks/AuthKit.framework/Versions/A/AuthKit
0x00007fff5594f000 	/System/Library/PrivateFrameworks/CoreUtils.framework/Versions/A/CoreUtils
0x00007fff3e841000 	/System/Library/Frameworks/CoreWLAN.framework/Versions/A/CoreWLAN
0x00007fff3f466000 	/System/Library/Frameworks/IOBluetooth.framework/Versions/A/IOBluetooth
0x00007fff62aba000 	/System/Library/PrivateFrameworks/MobileKeyBag.framework/Versions/A/MobileKeyBag
0x00007fff54a25000 	/System/Library/PrivateFrameworks/CorePhoneNumbers.framework/Versions/A/CorePhoneNumbers
0x00007fff4fa6c000 	/System/Library/PrivateFrameworks/AppleIDAuthSupport.framework/Versions/A/AppleIDAuthSupport
0x00007fff42f00000 	/System/Library/Frameworks/Network.framework/Versions/A/Network
0x00007fff6117b000 	/System/Library/PrivateFrameworks/KeychainCircle.framework/Versions/A/KeychainCircle
0x00007fff3c2b6000 	/System/Library/Frameworks/CoreBluetooth.framework/Versions/A/CoreBluetooth
0x00007fff6b4ee000 	/System/Library/PrivateFrameworks/SpeechRecognitionCore.framework/Versions/A/SpeechRecognitionCore
0x0000000106800000 	/Users/abhatia/.jabba/jdk/amazon-corretto@1.8.242-08.1/Contents/Home/jre/lib/server/libjvm.dylib
0x0000000104674000 	/Users/abhatia/.jabba/jdk/amazon-corretto@1.8.242-08.1/Contents/Home/jre/lib/libverify.dylib
0x0000000104680000 	/Users/abhatia/.jabba/jdk/amazon-corretto@1.8.242-08.1/Contents/Home/jre/lib/libjava.dylib
0x00000001046fa000 	/Users/abhatia/.jabba/jdk/amazon-corretto@1.8.242-08.1/Contents/Home/jre/lib/libzip.dylib
0x00000001047bf000 	/Users/abhatia/.jabba/jdk/amazon-corretto@1.8.242-08.1/Contents/Home/jre/lib/libnio.dylib
0x00000001047cd000 	/Users/abhatia/.jabba/jdk/amazon-corretto@1.8.242-08.1/Contents/Home/jre/lib/libnet.dylib
0x000000010a748000 	/Users/abhatia/.jabba/jdk/amazon-corretto@1.8.242-08.1/Contents/Home/jre/lib/libsunec.dylib
0x00000001047ea000 	/Users/abhatia/.jabba/jdk/amazon-corretto@1.8.242-08.1/Contents/Home/jre/lib/libmanagement.dylib
0x00000001047f3000 	/private/var/folders/z5/f62tt14n5gnfcjl7tdsn4wzxwnrrbb/T/liblz4-java9159519631434830614.dylib
0x000000010a988000 	/private/var/folders/z5/f62tt14n5gnfcjl7tdsn4wzxwnrrbb/T/jna--1201748622/jna5644394672930200784.tmp
0x00007fff41056000 	/System/Library/Frameworks/JavaVM.framework/Versions/A/JavaVM
0x00007fff60fde000 	/System/Library/PrivateFrameworks/JavaLaunching.framework/Versions/A/JavaLaunching

VM Arguments:
jvm_args: -Xms256m -Xmx1024m -Dcassandra.jmx.local.port=4099 -Dcassandra.config=file:/Users/abhatia/workspace/personal/Lightbend-Lagom-Java-Hello-World/exercises/target/embedded-cassandra/dev-embedded-cassandra.yaml -Dcassandra-foreground=true 
java_command: org.apache.cassandra.service.CassandraDaemon
java_class_path (initial): /Users/abhatia/workspace/personal/Lightbend-Lagom-Java-Hello-World/exercises/target/embedded-cassandra/cassandra-bundle.jar
Launcher Type: SUN_STANDARD

Environment Variables:
JAVA_HOME=/Users/abhatia/.jenv/versions/1.8
PATH=/Users/abhatia/installations/apache-maven-3.6.3/bin:/usr/local/Cellar/jenv/0.5.2/libexec/libexec:/Users/abhatia/.pyenv/plugins/pyenv-virtualenv/shims:/Users/abhatia/.pyenv/shims:/Users/abhatia/.jenv/shims:/usr/local/opt/make/libexec/gnubin:/Users/abhatia/installations/go1.14.1/bin:/Users/abhatia/installations/terraform:/Users/abhatia/installations/scala-2.12.8/bin:/Users/abhatia/installations/apache-maven-3.6.3/bin:/Users/abhatia/.pyenv/bin:/Users/abhatia/installations/spark-2.4.5-bin-without-hadoop-scala-2.12/bin:/Users/abhatia/installations/sbt/bin:/Users/abhatia/installations/kafka_2.12-2.2.1/bin:/usr/local/bin:/usr/bin:/bin:/usr/sbin:/sbin
SHELL=/bin/bash

Signal Handlers:
SIGSEGV: [libjvm.dylib+0x57d1fb], sa_mask[0]=11111111011111110111111111111111, sa_flags=SA_ONSTACK|SA_RESTART|SA_SIGINFO
SIGBUS: [libjvm.dylib+0x57d1fb], sa_mask[0]=11111111011111110111111111111111, sa_flags=SA_RESTART|SA_SIGINFO
SIGFPE: [libjvm.dylib+0x4670b1], sa_mask[0]=11111111011111110111111111111111, sa_flags=SA_RESTART|SA_SIGINFO
SIGPIPE: [libjvm.dylib+0x4670b1], sa_mask[0]=11111111011111110111111111111111, sa_flags=SA_RESTART|SA_SIGINFO
SIGXFSZ: [libjvm.dylib+0x4670b1], sa_mask[0]=11111111011111110111111111111111, sa_flags=SA_RESTART|SA_SIGINFO
SIGILL: [libjvm.dylib+0x4670b1], sa_mask[0]=11111111011111110111111111111111, sa_flags=SA_RESTART|SA_SIGINFO
SIGUSR1: SIG_DFL, sa_mask[0]=11011111011111100000000111000110, sa_flags=none
SIGUSR2: [libjvm.dylib+0x4679b9], sa_mask[0]=00100000000000000000000000000000, sa_flags=SA_RESTART|SA_SIGINFO
SIGHUP: [libjvm.dylib+0x465c11], sa_mask[0]=11111111011111110111111111111111, sa_flags=SA_RESTART|SA_SIGINFO
SIGINT: [libjvm.dylib+0x465c11], sa_mask[0]=11111111011111110111111111111111, sa_flags=SA_RESTART|SA_SIGINFO
SIGTERM: [libjvm.dylib+0x465c11], sa_mask[0]=11111111011111110111111111111111, sa_flags=SA_RESTART|SA_SIGINFO
SIGQUIT: [libjvm.dylib+0x465c11], sa_mask[0]=11111111011111110111111111111111, sa_flags=SA_RESTART|SA_SIGINFO


---------------  S Y S T E M  ---------------

OS:Bsduname:Darwin 19.2.0 Darwin Kernel Version 19.2.0: Sat Nov  9 03:47:04 PST 2019; root:xnu-6153.61.1~20/RELEASE_X86_64 x86_64
rlimit: STACK 8192k, CORE 0k, NPROC 5568, NOFILE 10240, AS infinity
load average:8.60 6.83 5.07

CPU:total 16 (initial active 16) (8 cores per cpu, 2 threads per core) family 6 model 158 stepping 13, cmov, cx8, fxsr, mmx, sse, sse2, sse3, ssse3, sse4.1, sse4.2, popcnt, avx, avx2, aes, clmul, erms, rtm, 3dnowpref, lzcnt, ht, tsc, tscinvbit, bmi1, bmi2, adx

Memory: 4k page, physical 33554432k(23068k free)

/proc/meminfo:


vm_info: OpenJDK 64-Bit Server VM (25.242-b08) for bsd-amd64 JRE (1.8.0_242-b08), built on Jan 17 2020 09:12:11 by "corretto" with gcc 4.2.1 Compatible Apple LLVM 6.1.0 (clang-602.0.53)

time: Wed Jun 17 23:35:13 2020
timezone: EDT
elapsed time: 3 seconds (0d 0h 0m 3s)

